2018-03-05 12:25:28,718 [Worker-4] INFO  c.g.t.t.d.PublishedGradleVersions - Gradle version information cache is up-to-date. Trying to read.
2018-03-05 12:30:28,792 [Worker-17] INFO  o.e.m.c.i.l.LifecycleMappingFactory - Using org.eclipse.m2e.jdt.JarLifecycleMapping lifecycle mapping for MavenProject: com.mainclass:test-producer:0.0.1-SNAPSHOT @ /home/charlis/Desktop/Microservices/docker/test-producer/pom.xml.
2018-03-05 12:30:32,715 [Worker-20] INFO  o.e.m.c.i.embedder.EclipseLogger - Using 'UTF-8' encoding to copy filtered resources.
2018-03-05 12:30:32,732 [Worker-20] INFO  o.e.m.c.i.embedder.EclipseLogger - Copying 1 resource
2018-03-05 12:30:32,752 [Worker-20] INFO  o.e.m.c.i.embedder.EclipseLogger - Copying 0 resource
2018-03-05 12:30:32,755 [Worker-20] INFO  o.e.m.c.i.embedder.EclipseLogger - Using 'UTF-8' encoding to copy filtered resources.
2018-03-05 12:30:32,756 [Worker-20] INFO  o.e.m.c.i.embedder.EclipseLogger - Copying 0 resource
2018-03-05 13:44:43,004 [Worker-41] INFO  o.e.m.c.i.embedder.EclipseLogger - Using 'UTF-8' encoding to copy filtered resources.
2018-03-05 13:44:43,028 [Worker-41] INFO  o.e.m.c.i.embedder.EclipseLogger - Copying 1 resource
2018-03-05 13:44:43,030 [Worker-41] INFO  o.e.m.c.i.embedder.EclipseLogger - Copying 0 resource
2018-03-05 13:44:43,034 [Worker-41] INFO  o.e.m.c.i.embedder.EclipseLogger - Using 'UTF-8' encoding to copy filtered resources.
2018-03-05 13:44:43,034 [Worker-41] INFO  o.e.m.c.i.embedder.EclipseLogger - Copying 0 resource
2018-03-05 14:53:56,028 [Worker-53] INFO  o.e.m.c.i.l.LifecycleMappingFactory - Using org.eclipse.m2e.jdt.JarLifecycleMapping lifecycle mapping for MavenProject: com.mainclass:admin:0.0.1-SNAPSHOT @ /home/charlis/Desktop/Microservices/docker/admin/pom.xml.
2018-03-05 14:54:27,081 [Worker-53] INFO  o.e.m.c.i.embedder.EclipseLogger - Using 'UTF-8' encoding to copy filtered resources.
2018-03-05 14:54:27,082 [Worker-53] INFO  o.e.m.c.i.embedder.EclipseLogger - Copying 1 resource
2018-03-05 14:54:27,086 [Worker-53] INFO  o.e.m.c.i.embedder.EclipseLogger - Copying 0 resource
2018-03-05 14:54:27,088 [Worker-53] INFO  o.e.m.c.i.embedder.EclipseLogger - Using 'UTF-8' encoding to copy filtered resources.
2018-03-05 14:54:27,089 [Worker-53] INFO  o.e.m.c.i.embedder.EclipseLogger - Copying 0 resource
2018-03-05 14:54:27,216 [Worker-56] INFO  o.e.m.c.i.l.LifecycleMappingFactory - Using org.eclipse.m2e.jdt.JarLifecycleMapping lifecycle mapping for MavenProject: com.mainclass:admin:0.0.1-SNAPSHOT @ /home/charlis/Desktop/Microservices/docker/admin/pom.xml.
2018-03-05 14:54:33,494 [Worker-53] INFO  o.e.m.c.i.embedder.EclipseLogger - Using 'UTF-8' encoding to copy filtered resources.
2018-03-05 14:54:33,494 [Worker-53] INFO  o.e.m.c.i.embedder.EclipseLogger - Copying 1 resource
2018-03-05 14:54:33,496 [Worker-53] INFO  o.e.m.c.i.embedder.EclipseLogger - Copying 0 resource
2018-03-05 14:54:33,498 [Worker-53] INFO  o.e.m.c.i.embedder.EclipseLogger - Using 'UTF-8' encoding to copy filtered resources.
2018-03-05 14:54:33,499 [Worker-53] INFO  o.e.m.c.i.embedder.EclipseLogger - Copying 0 resource
2018-03-05 14:54:35,786 [Worker-49] INFO  o.e.m.c.i.embedder.EclipseLogger - Using 'UTF-8' encoding to copy filtered resources.
2018-03-05 14:54:35,786 [Worker-49] INFO  o.e.m.c.i.embedder.EclipseLogger - Copying 0 resource
2018-03-05 14:54:35,786 [Worker-49] INFO  o.e.m.c.i.embedder.EclipseLogger - Copying 0 resource
2018-03-05 14:54:35,788 [Worker-49] INFO  o.e.m.c.i.embedder.EclipseLogger - Using 'UTF-8' encoding to copy filtered resources.
2018-03-05 14:54:35,789 [Worker-49] INFO  o.e.m.c.i.embedder.EclipseLogger - Copying 0 resource
2018-03-05 14:59:21,764 [Worker-58] INFO  o.e.m.c.i.p.ProjectConfigurationManager - Update started
2018-03-05 14:59:23,632 [Worker-58] INFO  o.e.m.c.i.l.LifecycleMappingFactory - Using org.eclipse.m2e.jdt.JarLifecycleMapping lifecycle mapping for MavenProject: com.mainclass:admin:0.0.1-SNAPSHOT @ /home/charlis/Desktop/Microservices/docker/admin/pom.xml.
2018-03-05 14:59:25,865 [Worker-58] INFO  o.e.m.c.i.l.LifecycleMappingFactory - Using org.eclipse.m2e.jdt.JarLifecycleMapping lifecycle mapping for MavenProject: com.mainclass:test-producer:0.0.1-SNAPSHOT @ /home/charlis/Desktop/Microservices/docker/test-producer/pom.xml.
2018-03-05 14:59:29,285 [Worker-58] INFO  o.e.m.j.i.AbstractJavaProjectConfigurator - Adding source folder /admin/src/main/java
2018-03-05 14:59:29,286 [Worker-58] INFO  o.e.m.j.i.AbstractJavaProjectConfigurator - Adding resource folder /admin/src/main/resources
2018-03-05 14:59:29,286 [Worker-58] INFO  o.e.m.j.i.AbstractJavaProjectConfigurator - Adding resource folder /admin/src/main/resources
2018-03-05 14:59:29,286 [Worker-58] INFO  o.e.m.j.i.AbstractJavaProjectConfigurator - Adding source folder /admin/src/test/java
2018-03-05 14:59:29,287 [Worker-58] INFO  o.e.m.j.i.AbstractJavaProjectConfigurator - Adding resource folder /admin/src/test/resources
2018-03-05 14:59:29,722 [Worker-58] INFO  o.e.m.c.i.p.ProjectConfigurationManager - Update completed: 7 sec
2018-03-05 14:59:34,988 [Worker-55] INFO  o.e.m.c.i.embedder.EclipseLogger - Using 'UTF-8' encoding to copy filtered resources.
2018-03-05 14:59:34,989 [Worker-55] INFO  o.e.m.c.i.embedder.EclipseLogger - Copying 1 resource
2018-03-05 14:59:35,008 [Worker-55] INFO  o.e.m.c.i.embedder.EclipseLogger - Copying 0 resource
2018-03-05 14:59:35,016 [Worker-55] INFO  o.e.m.c.i.embedder.EclipseLogger - Using 'UTF-8' encoding to copy filtered resources.
2018-03-05 14:59:35,016 [Worker-55] INFO  o.e.m.c.i.embedder.EclipseLogger - Copying 0 resource
2018-03-05 14:59:35,742 [Worker-55] INFO  o.e.m.c.i.embedder.EclipseLogger - Using 'UTF-8' encoding to copy filtered resources.
2018-03-05 14:59:35,756 [Worker-55] INFO  o.e.m.c.i.embedder.EclipseLogger - Copying 0 resource
2018-03-05 14:59:35,756 [Worker-55] INFO  o.e.m.c.i.embedder.EclipseLogger - Copying 0 resource
2018-03-05 14:59:35,759 [Worker-55] INFO  o.e.m.c.i.embedder.EclipseLogger - Using 'UTF-8' encoding to copy filtered resources.
2018-03-05 14:59:35,759 [Worker-55] INFO  o.e.m.c.i.embedder.EclipseLogger - Copying 0 resource
2018-03-05 15:06:15,871 [Worker-61] INFO  o.e.m.c.i.l.LifecycleMappingFactory - Using org.eclipse.m2e.jdt.JarLifecycleMapping lifecycle mapping for MavenProject: com.mainclass:test-producer:0.0.1-SNAPSHOT @ /home/charlis/Desktop/Microservices/docker/test-producer/pom.xml.
2018-03-05 15:06:18,243 [Worker-61] INFO  o.e.m.c.i.embedder.EclipseLogger - Using 'UTF-8' encoding to copy filtered resources.
2018-03-05 15:06:18,243 [Worker-61] INFO  o.e.m.c.i.embedder.EclipseLogger - Copying 0 resource
2018-03-05 15:06:18,243 [Worker-61] INFO  o.e.m.c.i.embedder.EclipseLogger - Copying 0 resource
2018-03-05 15:06:18,245 [Worker-61] INFO  o.e.m.c.i.embedder.EclipseLogger - Using 'UTF-8' encoding to copy filtered resources.
2018-03-05 15:06:18,245 [Worker-61] INFO  o.e.m.c.i.embedder.EclipseLogger - Copying 0 resource
2018-03-05 15:06:20,003 [Worker-61] INFO  o.e.m.c.i.embedder.EclipseLogger - Using 'UTF-8' encoding to copy filtered resources.
2018-03-05 15:06:20,003 [Worker-61] INFO  o.e.m.c.i.embedder.EclipseLogger - Copying 1 resource
2018-03-05 15:06:20,004 [Worker-61] INFO  o.e.m.c.i.embedder.EclipseLogger - Copying 0 resource
2018-03-05 15:06:20,007 [Worker-61] INFO  o.e.m.c.i.embedder.EclipseLogger - Using 'UTF-8' encoding to copy filtered resources.
2018-03-05 15:06:20,008 [Worker-61] INFO  o.e.m.c.i.embedder.EclipseLogger - Copying 0 resource
2018-03-05 15:08:18,461 [Worker-60] INFO  o.e.m.c.i.embedder.EclipseLogger - Using 'UTF-8' encoding to copy filtered resources.
2018-03-05 15:08:18,476 [Worker-60] INFO  o.e.m.c.i.embedder.EclipseLogger - Copying 0 resource
2018-03-05 15:08:18,477 [Worker-60] INFO  o.e.m.c.i.embedder.EclipseLogger - Copying 1 resource
2018-03-05 15:08:18,502 [Worker-60] INFO  o.e.m.c.i.embedder.EclipseLogger - Using 'UTF-8' encoding to copy filtered resources.
2018-03-05 15:08:18,503 [Worker-60] INFO  o.e.m.c.i.embedder.EclipseLogger - Copying 0 resource
2018-03-05 15:08:52,451 [Worker-63] INFO  o.e.m.c.i.embedder.EclipseLogger - Using 'UTF-8' encoding to copy filtered resources.
2018-03-05 15:08:52,451 [Worker-63] INFO  o.e.m.c.i.embedder.EclipseLogger - Copying 0 resource
2018-03-05 15:08:52,452 [Worker-63] INFO  o.e.m.c.i.embedder.EclipseLogger - Copying 1 resource
2018-03-05 15:08:52,454 [Worker-63] INFO  o.e.m.c.i.embedder.EclipseLogger - Using 'UTF-8' encoding to copy filtered resources.
2018-03-05 15:08:52,454 [Worker-63] INFO  o.e.m.c.i.embedder.EclipseLogger - Copying 0 resource
2018-03-05 15:10:46,050 [Worker-64] INFO  o.e.m.c.i.embedder.EclipseLogger - Using 'UTF-8' encoding to copy filtered resources.
2018-03-05 15:10:46,050 [Worker-64] INFO  o.e.m.c.i.embedder.EclipseLogger - Copying 1 resource
2018-03-05 15:10:46,051 [Worker-64] INFO  o.e.m.c.i.embedder.EclipseLogger - Copying 0 resource
2018-03-05 15:10:46,052 [Worker-64] INFO  o.e.m.c.i.embedder.EclipseLogger - Using 'UTF-8' encoding to copy filtered resources.
2018-03-05 15:10:46,052 [Worker-64] INFO  o.e.m.c.i.embedder.EclipseLogger - Copying 0 resource
2018-03-05 15:12:08,255 [Worker-64] INFO  o.e.m.c.i.embedder.EclipseLogger - Using 'UTF-8' encoding to copy filtered resources.
2018-03-05 15:12:08,256 [Worker-64] INFO  o.e.m.c.i.embedder.EclipseLogger - Copying 1 resource
2018-03-05 15:12:08,257 [Worker-64] INFO  o.e.m.c.i.embedder.EclipseLogger - Copying 1 resource
2018-03-05 15:12:08,261 [Worker-64] INFO  o.e.m.c.i.embedder.EclipseLogger - Using 'UTF-8' encoding to copy filtered resources.
2018-03-05 15:12:08,261 [Worker-64] INFO  o.e.m.c.i.embedder.EclipseLogger - Copying 0 resource
2018-03-05 15:12:30,531 [Worker-66] INFO  o.e.m.c.i.p.ProjectConfigurationManager - Update started
2018-03-05 15:12:32,083 [Worker-66] INFO  o.e.m.c.i.l.LifecycleMappingFactory - Using org.eclipse.m2e.jdt.JarLifecycleMapping lifecycle mapping for MavenProject: com.mainclass:test-producer:0.0.1-SNAPSHOT @ /home/charlis/Desktop/Microservices/docker/test-producer/pom.xml.
2018-03-05 15:12:32,482 [Worker-66] INFO  o.e.m.c.i.l.LifecycleMappingFactory - Using org.eclipse.m2e.jdt.JarLifecycleMapping lifecycle mapping for MavenProject: com.mainclass:admin:0.0.1-SNAPSHOT @ /home/charlis/Desktop/Microservices/docker/admin/pom.xml.
2018-03-05 15:12:34,070 [Worker-66] INFO  o.e.m.j.i.AbstractJavaProjectConfigurator - Adding source folder /test-producer/src/main/java
2018-03-05 15:12:34,071 [Worker-66] INFO  o.e.m.j.i.AbstractJavaProjectConfigurator - Adding resource folder /test-producer/src/main/resources
2018-03-05 15:12:34,071 [Worker-66] INFO  o.e.m.j.i.AbstractJavaProjectConfigurator - Adding resource folder /test-producer/src/main/resources
2018-03-05 15:12:34,075 [Worker-66] INFO  o.e.m.j.i.AbstractJavaProjectConfigurator - Adding source folder /test-producer/src/test/java
2018-03-05 15:12:34,076 [Worker-66] INFO  o.e.m.j.i.AbstractJavaProjectConfigurator - Adding resource folder /test-producer/src/test/resources
2018-03-05 15:12:34,177 [Worker-66] INFO  o.e.m.c.i.p.ProjectConfigurationManager - Update completed: 3 sec
2018-03-05 15:12:34,819 [Worker-65] INFO  o.e.m.c.i.embedder.EclipseLogger - Using 'UTF-8' encoding to copy filtered resources.
2018-03-05 15:12:34,821 [Worker-65] INFO  o.e.m.c.i.embedder.EclipseLogger - Copying 0 resource
2018-03-05 15:12:34,821 [Worker-65] INFO  o.e.m.c.i.embedder.EclipseLogger - Copying 0 resource
2018-03-05 15:12:34,824 [Worker-65] INFO  o.e.m.c.i.embedder.EclipseLogger - Using 'UTF-8' encoding to copy filtered resources.
2018-03-05 15:12:34,824 [Worker-65] INFO  o.e.m.c.i.embedder.EclipseLogger - Copying 0 resource
2018-03-05 15:12:35,544 [Worker-65] INFO  o.e.m.c.i.embedder.EclipseLogger - Using 'UTF-8' encoding to copy filtered resources.
2018-03-05 15:12:35,545 [Worker-65] INFO  o.e.m.c.i.embedder.EclipseLogger - Copying 1 resource
2018-03-05 15:12:35,556 [Worker-65] INFO  o.e.m.c.i.embedder.EclipseLogger - Copying 1 resource
2018-03-05 15:12:35,559 [Worker-65] INFO  o.e.m.c.i.embedder.EclipseLogger - Using 'UTF-8' encoding to copy filtered resources.
2018-03-05 15:12:35,559 [Worker-65] INFO  o.e.m.c.i.embedder.EclipseLogger - Copying 0 resource
2018-03-05 15:18:54,216 [Worker-67] INFO  o.e.m.c.i.embedder.EclipseLogger - Using 'UTF-8' encoding to copy filtered resources.
2018-03-05 15:18:54,216 [Worker-67] INFO  o.e.m.c.i.embedder.EclipseLogger - Copying 1 resource
2018-03-05 15:18:54,217 [Worker-67] INFO  o.e.m.c.i.embedder.EclipseLogger - Copying 0 resource
2018-03-05 15:18:54,219 [Worker-67] INFO  o.e.m.c.i.embedder.EclipseLogger - Using 'UTF-8' encoding to copy filtered resources.
2018-03-05 15:18:54,219 [Worker-67] INFO  o.e.m.c.i.embedder.EclipseLogger - Copying 0 resource
2018-03-05 15:19:54,021 [Worker-68] INFO  o.e.m.c.i.embedder.EclipseLogger - Using 'UTF-8' encoding to copy filtered resources.
2018-03-05 15:19:54,021 [Worker-68] INFO  o.e.m.c.i.embedder.EclipseLogger - Copying 1 resource
2018-03-05 15:19:54,022 [Worker-68] INFO  o.e.m.c.i.embedder.EclipseLogger - Copying 0 resource
2018-03-05 15:19:54,023 [Worker-68] INFO  o.e.m.c.i.embedder.EclipseLogger - Using 'UTF-8' encoding to copy filtered resources.
2018-03-05 15:19:54,024 [Worker-68] INFO  o.e.m.c.i.embedder.EclipseLogger - Copying 0 resource
2018-03-05 15:20:41,472 [Worker-69] INFO  o.e.m.c.i.p.ProjectConfigurationManager - Update started
2018-03-05 15:20:43,575 [Worker-69] INFO  o.e.m.c.i.l.LifecycleMappingFactory - Using org.eclipse.m2e.jdt.JarLifecycleMapping lifecycle mapping for MavenProject: com.mainclass:test-producer:0.0.1-SNAPSHOT @ /home/charlis/Desktop/Microservices/docker/test-producer/pom.xml.
2018-03-05 15:20:45,348 [Worker-69] INFO  o.e.m.c.i.l.LifecycleMappingFactory - Using org.eclipse.m2e.jdt.JarLifecycleMapping lifecycle mapping for MavenProject: com.mainclass:admin:0.0.1-SNAPSHOT @ /home/charlis/Desktop/Microservices/docker/admin/pom.xml.
2018-03-05 15:20:47,840 [Worker-69] INFO  o.e.m.j.i.AbstractJavaProjectConfigurator - Adding source folder /test-producer/src/main/java
2018-03-05 15:20:47,841 [Worker-69] INFO  o.e.m.j.i.AbstractJavaProjectConfigurator - Adding resource folder /test-producer/src/main/resources
2018-03-05 15:20:47,841 [Worker-69] INFO  o.e.m.j.i.AbstractJavaProjectConfigurator - Adding resource folder /test-producer/src/main/resources
2018-03-05 15:20:47,841 [Worker-69] INFO  o.e.m.j.i.AbstractJavaProjectConfigurator - Adding source folder /test-producer/src/test/java
2018-03-05 15:20:47,841 [Worker-69] INFO  o.e.m.j.i.AbstractJavaProjectConfigurator - Adding resource folder /test-producer/src/test/resources
2018-03-05 15:20:47,992 [Worker-69] INFO  o.e.m.c.i.p.ProjectConfigurationManager - Update completed: 6 sec
2018-03-05 15:20:48,572 [Worker-67] INFO  o.e.m.c.i.embedder.EclipseLogger - Using 'UTF-8' encoding to copy filtered resources.
2018-03-05 15:20:48,573 [Worker-67] INFO  o.e.m.c.i.embedder.EclipseLogger - Copying 0 resource
2018-03-05 15:20:48,574 [Worker-67] INFO  o.e.m.c.i.embedder.EclipseLogger - Copying 0 resource
2018-03-05 15:20:48,576 [Worker-67] INFO  o.e.m.c.i.embedder.EclipseLogger - Using 'UTF-8' encoding to copy filtered resources.
2018-03-05 15:20:48,592 [Worker-67] INFO  o.e.m.c.i.embedder.EclipseLogger - Copying 0 resource
2018-03-05 15:20:48,955 [Worker-67] INFO  o.e.m.c.i.embedder.EclipseLogger - Using 'UTF-8' encoding to copy filtered resources.
2018-03-05 15:20:48,956 [Worker-67] INFO  o.e.m.c.i.embedder.EclipseLogger - Copying 1 resource
2018-03-05 15:20:48,968 [Worker-67] INFO  o.e.m.c.i.embedder.EclipseLogger - Copying 1 resource
2018-03-05 15:20:48,971 [Worker-67] INFO  o.e.m.c.i.embedder.EclipseLogger - Using 'UTF-8' encoding to copy filtered resources.
2018-03-05 15:20:48,971 [Worker-67] INFO  o.e.m.c.i.embedder.EclipseLogger - Copying 0 resource
2018-03-05 15:23:24,579 [Worker-64] INFO  o.e.m.c.i.embedder.EclipseLogger - Using 'UTF-8' encoding to copy filtered resources.
2018-03-05 15:23:24,580 [Worker-64] INFO  o.e.m.c.i.embedder.EclipseLogger - Copying 1 resource
2018-03-05 15:23:24,590 [Worker-64] INFO  o.e.m.c.i.embedder.EclipseLogger - Copying 1 resource
2018-03-05 15:23:24,592 [Worker-64] INFO  o.e.m.c.i.embedder.EclipseLogger - Using 'UTF-8' encoding to copy filtered resources.
2018-03-05 15:23:24,593 [Worker-64] INFO  o.e.m.c.i.embedder.EclipseLogger - Copying 0 resource
2018-03-05 15:27:47,435 [Worker-5] INFO  c.g.t.t.d.PublishedGradleVersions - Gradle version information cache is up-to-date. Trying to read.
2018-03-05 15:28:49,064 [Worker-6] INFO  o.e.m.c.i.embedder.EclipseLogger - Using 'UTF-8' encoding to copy filtered resources.
2018-03-05 15:28:49,094 [Worker-6] INFO  o.e.m.c.i.embedder.EclipseLogger - Copying 1 resource
2018-03-05 15:28:49,122 [Worker-6] INFO  o.e.m.c.i.embedder.EclipseLogger - Copying 0 resource
2018-03-05 15:28:49,130 [Worker-6] INFO  o.e.m.c.i.embedder.EclipseLogger - Using 'UTF-8' encoding to copy filtered resources.
2018-03-05 15:28:49,131 [Worker-6] INFO  o.e.m.c.i.embedder.EclipseLogger - Copying 0 resource
2018-03-05 15:35:06,596 [Worker-9] INFO  o.e.m.c.i.l.LifecycleMappingFactory - Using org.eclipse.m2e.jdt.JarLifecycleMapping lifecycle mapping for MavenProject: com.mainclass:test-producer:0.0.1-SNAPSHOT @ /home/charlis/Desktop/Microservices/docker/test-producer/pom.xml.
2018-03-05 15:35:08,285 [Worker-9] INFO  o.e.m.c.i.embedder.EclipseLogger - Using 'UTF-8' encoding to copy filtered resources.
2018-03-05 15:35:08,286 [Worker-9] INFO  o.e.m.c.i.embedder.EclipseLogger - Copying 1 resource
2018-03-05 15:35:08,299 [Worker-9] INFO  o.e.m.c.i.embedder.EclipseLogger - Copying 1 resource
2018-03-05 15:35:08,302 [Worker-9] INFO  o.e.m.c.i.embedder.EclipseLogger - Using 'UTF-8' encoding to copy filtered resources.
2018-03-05 15:35:08,303 [Worker-9] INFO  o.e.m.c.i.embedder.EclipseLogger - Copying 0 resource
2018-03-05 15:35:11,016 [Worker-17] INFO  o.e.m.c.i.embedder.EclipseLogger - Using 'UTF-8' encoding to copy filtered resources.
2018-03-05 15:35:11,044 [Worker-17] INFO  o.e.m.c.i.embedder.EclipseLogger - Copying 1 resource
2018-03-05 15:35:11,070 [Worker-17] INFO  o.e.m.c.i.embedder.EclipseLogger - Copying 1 resource
2018-03-05 15:35:11,077 [Worker-17] INFO  o.e.m.c.i.embedder.EclipseLogger - Using 'UTF-8' encoding to copy filtered resources.
2018-03-05 15:35:11,078 [Worker-17] INFO  o.e.m.c.i.embedder.EclipseLogger - Copying 0 resource
2018-03-05 15:35:36,884 [Worker-13] INFO  o.e.m.c.i.embedder.EclipseLogger - Using 'UTF-8' encoding to copy filtered resources.
2018-03-05 15:35:36,886 [Worker-13] INFO  o.e.m.c.i.embedder.EclipseLogger - Copying 1 resource
2018-03-05 15:35:36,888 [Worker-13] INFO  o.e.m.c.i.embedder.EclipseLogger - Copying 0 resource
2018-03-05 15:35:36,890 [Worker-13] INFO  o.e.m.c.i.embedder.EclipseLogger - Using 'UTF-8' encoding to copy filtered resources.
2018-03-05 15:35:36,891 [Worker-13] INFO  o.e.m.c.i.embedder.EclipseLogger - Copying 0 resource
2018-03-05 15:35:44,429 [Worker-13] INFO  o.e.m.c.i.p.ProjectConfigurationManager - Update started
2018-03-05 15:35:45,459 [Worker-13] INFO  o.e.m.c.i.l.LifecycleMappingFactory - Using org.eclipse.m2e.jdt.JarLifecycleMapping lifecycle mapping for MavenProject: com.mainclass:test-producer:0.0.1-SNAPSHOT @ /home/charlis/Desktop/Microservices/docker/test-producer/pom.xml.
2018-03-05 15:35:46,403 [Worker-13] INFO  o.e.m.c.i.l.LifecycleMappingFactory - Using org.eclipse.m2e.jdt.JarLifecycleMapping lifecycle mapping for MavenProject: com.mainclass:admin:0.0.1-SNAPSHOT @ /home/charlis/Desktop/Microservices/docker/admin/pom.xml.
2018-03-05 15:35:47,364 [Worker-13] INFO  o.e.m.j.i.AbstractJavaProjectConfigurator - Adding source folder /test-producer/src/main/java
2018-03-05 15:35:47,365 [Worker-13] INFO  o.e.m.j.i.AbstractJavaProjectConfigurator - Adding resource folder /test-producer/src/main/resources
2018-03-05 15:35:47,366 [Worker-13] INFO  o.e.m.j.i.AbstractJavaProjectConfigurator - Adding resource folder /test-producer/src/main/resources
2018-03-05 15:35:47,367 [Worker-13] INFO  o.e.m.j.i.AbstractJavaProjectConfigurator - Adding source folder /test-producer/src/test/java
2018-03-05 15:35:47,369 [Worker-13] INFO  o.e.m.j.i.AbstractJavaProjectConfigurator - Adding resource folder /test-producer/src/test/resources
2018-03-05 15:35:47,763 [Worker-13] INFO  o.e.m.c.i.p.ProjectConfigurationManager - Update completed: 3 sec
2018-03-05 15:35:48,516 [Worker-18] INFO  o.e.m.c.i.embedder.EclipseLogger - Using 'UTF-8' encoding to copy filtered resources.
2018-03-05 15:35:48,519 [Worker-18] INFO  o.e.m.c.i.embedder.EclipseLogger - Copying 0 resource
2018-03-05 15:35:48,519 [Worker-18] INFO  o.e.m.c.i.embedder.EclipseLogger - Copying 0 resource
2018-03-05 15:35:48,526 [Worker-18] INFO  o.e.m.c.i.embedder.EclipseLogger - Using 'UTF-8' encoding to copy filtered resources.
2018-03-05 15:35:48,527 [Worker-18] INFO  o.e.m.c.i.embedder.EclipseLogger - Copying 0 resource
2018-03-05 15:35:49,472 [Worker-18] INFO  o.e.m.c.i.embedder.EclipseLogger - Using 'UTF-8' encoding to copy filtered resources.
2018-03-05 15:35:49,474 [Worker-18] INFO  o.e.m.c.i.embedder.EclipseLogger - Copying 1 resource
2018-03-05 15:35:49,487 [Worker-18] INFO  o.e.m.c.i.embedder.EclipseLogger - Copying 1 resource
2018-03-05 15:35:49,490 [Worker-18] INFO  o.e.m.c.i.embedder.EclipseLogger - Using 'UTF-8' encoding to copy filtered resources.
2018-03-05 15:35:49,491 [Worker-18] INFO  o.e.m.c.i.embedder.EclipseLogger - Copying 0 resource
2018-03-05 15:36:57,734 [Worker-19] INFO  o.e.m.c.i.embedder.EclipseLogger - Using 'UTF-8' encoding to copy filtered resources.
2018-03-05 15:36:57,734 [Worker-19] INFO  o.e.m.c.i.embedder.EclipseLogger - Copying 1 resource
2018-03-05 15:36:57,738 [Worker-19] INFO  o.e.m.c.i.embedder.EclipseLogger - Copying 0 resource
2018-03-05 15:36:57,741 [Worker-19] INFO  o.e.m.c.i.embedder.EclipseLogger - Using 'UTF-8' encoding to copy filtered resources.
2018-03-05 15:36:57,741 [Worker-19] INFO  o.e.m.c.i.embedder.EclipseLogger - Copying 0 resource
2018-03-05 15:41:15,769 [Worker-20] INFO  o.e.m.c.i.embedder.EclipseLogger - Using 'UTF-8' encoding to copy filtered resources.
2018-03-05 15:41:15,769 [Worker-20] INFO  o.e.m.c.i.embedder.EclipseLogger - Copying 1 resource
2018-03-05 15:41:15,770 [Worker-20] INFO  o.e.m.c.i.embedder.EclipseLogger - Copying 0 resource
2018-03-05 15:41:15,772 [Worker-20] INFO  o.e.m.c.i.embedder.EclipseLogger - Using 'UTF-8' encoding to copy filtered resources.
2018-03-05 15:41:15,773 [Worker-20] INFO  o.e.m.c.i.embedder.EclipseLogger - Copying 0 resource
2018-03-05 15:46:17,138 [Worker-23] INFO  o.e.m.c.i.embedder.EclipseLogger - Using 'UTF-8' encoding to copy filtered resources.
2018-03-05 15:46:17,156 [Worker-23] INFO  o.e.m.c.i.embedder.EclipseLogger - Copying 1 resource
2018-03-05 15:46:17,178 [Worker-23] INFO  o.e.m.c.i.embedder.EclipseLogger - Copying 1 resource
2018-03-05 15:46:17,181 [Worker-23] INFO  o.e.m.c.i.embedder.EclipseLogger - Using 'UTF-8' encoding to copy filtered resources.
2018-03-05 15:46:17,181 [Worker-23] INFO  o.e.m.c.i.embedder.EclipseLogger - Copying 0 resource
2018-03-05 16:04:08,260 [Worker-27] INFO  o.e.m.c.i.embedder.EclipseLogger - Using 'UTF-8' encoding to copy filtered resources.
2018-03-05 16:04:08,260 [Worker-27] INFO  o.e.m.c.i.embedder.EclipseLogger - Copying 1 resource
2018-03-05 16:04:08,262 [Worker-27] INFO  o.e.m.c.i.embedder.EclipseLogger - Copying 0 resource
2018-03-05 16:04:08,265 [Worker-27] INFO  o.e.m.c.i.embedder.EclipseLogger - Using 'UTF-8' encoding to copy filtered resources.
2018-03-05 16:04:08,265 [Worker-27] INFO  o.e.m.c.i.embedder.EclipseLogger - Copying 0 resource
2018-03-05 16:09:09,565 [Worker-29] INFO  o.e.m.c.i.embedder.EclipseLogger - Using 'UTF-8' encoding to copy filtered resources.
2018-03-05 16:09:09,637 [Worker-29] INFO  o.e.m.c.i.embedder.EclipseLogger - Copying 1 resource
2018-03-05 16:09:09,651 [Worker-29] INFO  o.e.m.c.i.embedder.EclipseLogger - Copying 1 resource
2018-03-05 16:09:09,654 [Worker-29] INFO  o.e.m.c.i.embedder.EclipseLogger - Using 'UTF-8' encoding to copy filtered resources.
2018-03-05 16:09:09,670 [Worker-29] INFO  o.e.m.c.i.embedder.EclipseLogger - Copying 0 resource
2018-03-05 16:49:55,167 [Worker-37] INFO  o.e.m.c.i.embedder.EclipseLogger - Using 'UTF-8' encoding to copy filtered resources.
2018-03-05 16:49:55,181 [Worker-37] INFO  o.e.m.c.i.embedder.EclipseLogger - Copying 1 resource
2018-03-05 16:49:55,182 [Worker-37] INFO  o.e.m.c.i.embedder.EclipseLogger - Copying 1 resource
2018-03-05 16:49:55,185 [Worker-37] INFO  o.e.m.c.i.embedder.EclipseLogger - Using 'UTF-8' encoding to copy filtered resources.
2018-03-05 16:49:55,202 [Worker-37] INFO  o.e.m.c.i.embedder.EclipseLogger - Copying 0 resource
2018-03-05 17:00:56,079 [Worker-39] INFO  o.e.m.c.i.embedder.EclipseLogger - Using 'UTF-8' encoding to copy filtered resources.
2018-03-05 17:00:56,079 [Worker-39] INFO  o.e.m.c.i.embedder.EclipseLogger - Copying 1 resource
2018-03-05 17:00:56,080 [Worker-39] INFO  o.e.m.c.i.embedder.EclipseLogger - Copying 0 resource
2018-03-05 17:00:56,081 [Worker-39] INFO  o.e.m.c.i.embedder.EclipseLogger - Using 'UTF-8' encoding to copy filtered resources.
2018-03-05 17:00:56,081 [Worker-39] INFO  o.e.m.c.i.embedder.EclipseLogger - Copying 0 resource
2018-03-05 17:03:29,551 [Worker-42] INFO  o.e.m.c.i.embedder.EclipseLogger - Using 'UTF-8' encoding to copy filtered resources.
2018-03-05 17:03:29,551 [Worker-42] INFO  o.e.m.c.i.embedder.EclipseLogger - Copying 1 resource
2018-03-05 17:03:29,552 [Worker-42] INFO  o.e.m.c.i.embedder.EclipseLogger - Copying 0 resource
2018-03-05 17:03:29,567 [Worker-42] INFO  o.e.m.c.i.embedder.EclipseLogger - Using 'UTF-8' encoding to copy filtered resources.
2018-03-05 17:03:29,567 [Worker-42] INFO  o.e.m.c.i.embedder.EclipseLogger - Copying 0 resource
2018-03-05 17:13:51,717 [Worker-45] INFO  o.e.m.c.i.embedder.EclipseLogger - Using 'UTF-8' encoding to copy filtered resources.
2018-03-05 17:13:51,735 [Worker-45] INFO  o.e.m.c.i.embedder.EclipseLogger - Copying 1 resource
2018-03-05 17:13:51,736 [Worker-45] INFO  o.e.m.c.i.embedder.EclipseLogger - Copying 1 resource
2018-03-05 17:13:51,739 [Worker-45] INFO  o.e.m.c.i.embedder.EclipseLogger - Using 'UTF-8' encoding to copy filtered resources.
2018-03-05 17:13:51,739 [Worker-45] INFO  o.e.m.c.i.embedder.EclipseLogger - Copying 0 resource
2018-03-05 17:23:52,584 [Worker-47] INFO  o.e.m.c.i.embedder.EclipseLogger - Using 'UTF-8' encoding to copy filtered resources.
2018-03-05 17:23:52,584 [Worker-47] INFO  o.e.m.c.i.embedder.EclipseLogger - Copying 1 resource
2018-03-05 17:23:52,585 [Worker-47] INFO  o.e.m.c.i.embedder.EclipseLogger - Copying 0 resource
2018-03-05 17:23:52,587 [Worker-47] INFO  o.e.m.c.i.embedder.EclipseLogger - Using 'UTF-8' encoding to copy filtered resources.
2018-03-05 17:23:52,587 [Worker-47] INFO  o.e.m.c.i.embedder.EclipseLogger - Copying 0 resource
2018-03-05 17:24:21,755 [Worker-49] INFO  o.e.m.c.i.embedder.EclipseLogger - Using 'UTF-8' encoding to copy filtered resources.
2018-03-05 17:24:21,755 [Worker-49] INFO  o.e.m.c.i.embedder.EclipseLogger - Copying 1 resource
2018-03-05 17:24:21,756 [Worker-49] INFO  o.e.m.c.i.embedder.EclipseLogger - Copying 0 resource
2018-03-05 17:24:21,758 [Worker-49] INFO  o.e.m.c.i.embedder.EclipseLogger - Using 'UTF-8' encoding to copy filtered resources.
2018-03-05 17:24:21,759 [Worker-49] INFO  o.e.m.c.i.embedder.EclipseLogger - Copying 0 resource
2018-03-05 17:26:42,492 [Worker-56] INFO  o.e.m.c.i.l.LifecycleMappingFactory - Using org.eclipse.m2e.jdt.JarLifecycleMapping lifecycle mapping for MavenProject: com.mainclass:eureka-server:0.0.1-SNAPSHOT @ /home/charlis/Desktop/Microservices/docker/eureka-server/pom.xml.
2018-03-05 17:26:58,050 [Worker-56] INFO  o.e.m.c.i.embedder.EclipseLogger - Using 'UTF-8' encoding to copy filtered resources.
2018-03-05 17:26:58,051 [Worker-56] INFO  o.e.m.c.i.embedder.EclipseLogger - Copying 1 resource
2018-03-05 17:26:58,051 [Worker-56] INFO  o.e.m.c.i.embedder.EclipseLogger - Copying 0 resource
2018-03-05 17:26:58,053 [Worker-56] INFO  o.e.m.c.i.embedder.EclipseLogger - Using 'UTF-8' encoding to copy filtered resources.
2018-03-05 17:26:58,053 [Worker-56] INFO  o.e.m.c.i.embedder.EclipseLogger - Copying 0 resource
2018-03-05 17:26:59,301 [Worker-54] INFO  o.e.m.c.i.embedder.EclipseLogger - Using 'UTF-8' encoding to copy filtered resources.
2018-03-05 17:26:59,302 [Worker-54] INFO  o.e.m.c.i.embedder.EclipseLogger - Copying 1 resource
2018-03-05 17:26:59,303 [Worker-54] INFO  o.e.m.c.i.embedder.EclipseLogger - Copying 0 resource
2018-03-05 17:26:59,308 [Worker-54] INFO  o.e.m.c.i.embedder.EclipseLogger - Using 'UTF-8' encoding to copy filtered resources.
2018-03-05 17:26:59,308 [Worker-54] INFO  o.e.m.c.i.embedder.EclipseLogger - Copying 0 resource
2018-03-05 17:26:59,452 [Worker-56] INFO  o.e.m.c.i.embedder.EclipseLogger - Using 'UTF-8' encoding to copy filtered resources.
2018-03-05 17:26:59,453 [Worker-56] INFO  o.e.m.c.i.embedder.EclipseLogger - Copying 1 resource
2018-03-05 17:26:59,453 [Worker-56] INFO  o.e.m.c.i.embedder.EclipseLogger - Copying 0 resource
2018-03-05 17:26:59,456 [Worker-56] INFO  o.e.m.c.i.embedder.EclipseLogger - Using 'UTF-8' encoding to copy filtered resources.
2018-03-05 17:26:59,456 [Worker-56] INFO  o.e.m.c.i.embedder.EclipseLogger - Copying 0 resource
2018-03-05 17:26:59,529 [Worker-51] INFO  o.e.m.c.i.embedder.EclipseLogger - Using 'UTF-8' encoding to copy filtered resources.
2018-03-05 17:26:59,529 [Worker-51] INFO  o.e.m.c.i.embedder.EclipseLogger - Copying 1 resource
2018-03-05 17:26:59,530 [Worker-51] INFO  o.e.m.c.i.embedder.EclipseLogger - Copying 0 resource
2018-03-05 17:26:59,559 [Worker-51] INFO  o.e.m.c.i.embedder.EclipseLogger - Using 'UTF-8' encoding to copy filtered resources.
2018-03-05 17:26:59,560 [Worker-51] INFO  o.e.m.c.i.embedder.EclipseLogger - Copying 0 resource
2018-03-05 17:26:59,611 [Worker-55] INFO  o.e.m.c.i.l.LifecycleMappingFactory - Using org.eclipse.m2e.jdt.JarLifecycleMapping lifecycle mapping for MavenProject: com.mainclass:eureka-server:0.0.1-SNAPSHOT @ /home/charlis/Desktop/Microservices/docker/eureka-server/pom.xml.
2018-03-05 17:27:03,603 [Worker-55] INFO  o.e.m.c.i.embedder.EclipseLogger - Using 'UTF-8' encoding to copy filtered resources.
2018-03-05 17:27:03,604 [Worker-55] INFO  o.e.m.c.i.embedder.EclipseLogger - Copying 1 resource
2018-03-05 17:27:03,604 [Worker-55] INFO  o.e.m.c.i.embedder.EclipseLogger - Copying 0 resource
2018-03-05 17:27:03,606 [Worker-55] INFO  o.e.m.c.i.embedder.EclipseLogger - Using 'UTF-8' encoding to copy filtered resources.
2018-03-05 17:27:03,607 [Worker-55] INFO  o.e.m.c.i.embedder.EclipseLogger - Copying 0 resource
2018-03-05 17:27:19,314 [Worker-50] INFO  o.e.m.c.i.p.ProjectConfigurationManager - Update started
2018-03-05 17:27:23,366 [Worker-50] INFO  o.e.m.c.i.l.LifecycleMappingFactory - Using org.eclipse.m2e.jdt.JarLifecycleMapping lifecycle mapping for MavenProject: com.mainclass:eureka-server:0.0.1-SNAPSHOT @ /home/charlis/Desktop/Microservices/docker/eureka-server/pom.xml.
2018-03-05 17:27:23,976 [Worker-50] INFO  o.e.m.c.i.l.LifecycleMappingFactory - Using org.eclipse.m2e.jdt.JarLifecycleMapping lifecycle mapping for MavenProject: com.mainclass:admin:0.0.1-SNAPSHOT @ /home/charlis/Desktop/Microservices/docker/admin/pom.xml.
2018-03-05 17:27:26,696 [Worker-50] INFO  o.e.m.c.i.l.LifecycleMappingFactory - Using org.eclipse.m2e.jdt.JarLifecycleMapping lifecycle mapping for MavenProject: com.mainclass:test-producer:0.0.1-SNAPSHOT @ /home/charlis/Desktop/Microservices/docker/test-producer/pom.xml.
2018-03-05 17:27:29,633 [Worker-50] INFO  o.e.m.j.i.AbstractJavaProjectConfigurator - Adding source folder /eureka-server/src/main/java
2018-03-05 17:27:29,634 [Worker-50] INFO  o.e.m.j.i.AbstractJavaProjectConfigurator - Adding resource folder /eureka-server/src/main/resources
2018-03-05 17:27:29,634 [Worker-50] INFO  o.e.m.j.i.AbstractJavaProjectConfigurator - Adding resource folder /eureka-server/src/main/resources
2018-03-05 17:27:29,634 [Worker-50] INFO  o.e.m.j.i.AbstractJavaProjectConfigurator - Adding source folder /eureka-server/src/test/java
2018-03-05 17:27:29,634 [Worker-50] INFO  o.e.m.j.i.AbstractJavaProjectConfigurator - Adding resource folder /eureka-server/src/test/resources
2018-03-05 17:27:29,772 [Worker-50] INFO  o.e.m.c.i.p.ProjectConfigurationManager - Update completed: 10 sec
2018-03-05 17:27:30,386 [Worker-56] INFO  o.e.m.c.i.embedder.EclipseLogger - Using 'UTF-8' encoding to copy filtered resources.
2018-03-05 17:27:30,388 [Worker-56] INFO  o.e.m.c.i.embedder.EclipseLogger - Copying 0 resource
2018-03-05 17:27:30,389 [Worker-56] INFO  o.e.m.c.i.embedder.EclipseLogger - Copying 0 resource
2018-03-05 17:27:30,391 [Worker-56] INFO  o.e.m.c.i.embedder.EclipseLogger - Using 'UTF-8' encoding to copy filtered resources.
2018-03-05 17:27:30,391 [Worker-56] INFO  o.e.m.c.i.embedder.EclipseLogger - Copying 0 resource
2018-03-05 17:27:41,840 [Worker-54] INFO  o.e.m.c.i.embedder.EclipseLogger - Using 'UTF-8' encoding to copy filtered resources.
2018-03-05 17:27:41,841 [Worker-54] INFO  o.e.m.c.i.embedder.EclipseLogger - Copying 1 resource
2018-03-05 17:27:41,907 [Worker-54] INFO  o.e.m.c.i.embedder.EclipseLogger - Copying 0 resource
2018-03-05 17:27:41,908 [Worker-54] INFO  o.e.m.c.i.embedder.EclipseLogger - Using 'UTF-8' encoding to copy filtered resources.
2018-03-05 17:27:41,909 [Worker-54] INFO  o.e.m.c.i.embedder.EclipseLogger - Copying 0 resource
2018-03-05 17:27:43,974 [Worker-54] INFO  o.e.m.c.i.embedder.EclipseLogger - Using 'UTF-8' encoding to copy filtered resources.
2018-03-05 17:27:43,974 [Worker-54] INFO  o.e.m.c.i.embedder.EclipseLogger - Copying 0 resource
2018-03-05 17:27:43,974 [Worker-54] INFO  o.e.m.c.i.embedder.EclipseLogger - Copying 0 resource
2018-03-05 17:27:43,976 [Worker-54] INFO  o.e.m.c.i.embedder.EclipseLogger - Using 'UTF-8' encoding to copy filtered resources.
2018-03-05 17:27:43,976 [Worker-54] INFO  o.e.m.c.i.embedder.EclipseLogger - Copying 0 resource
2018-03-05 17:28:35,893 [Worker-50] INFO  o.e.m.c.i.embedder.EclipseLogger - Using 'UTF-8' encoding to copy filtered resources.
2018-03-05 17:28:35,894 [Worker-50] INFO  o.e.m.c.i.embedder.EclipseLogger - Copying 1 resource
2018-03-05 17:28:35,898 [Worker-50] INFO  o.e.m.c.i.embedder.EclipseLogger - Copying 0 resource
2018-03-05 17:28:35,901 [Worker-50] INFO  o.e.m.c.i.embedder.EclipseLogger - Using 'UTF-8' encoding to copy filtered resources.
2018-03-05 17:28:35,902 [Worker-50] INFO  o.e.m.c.i.embedder.EclipseLogger - Copying 0 resource
2018-03-05 17:29:36,478 [Worker-54] INFO  o.e.m.c.i.l.LifecycleMappingFactory - Using org.eclipse.m2e.jdt.JarLifecycleMapping lifecycle mapping for MavenProject: com.mainclass:test-producer:0.0.1-SNAPSHOT @ /home/charlis/Desktop/Microservices/docker/test-producer/pom.xml.
2018-03-05 17:29:37,398 [Worker-54] INFO  o.e.m.c.i.embedder.EclipseLogger - Using 'UTF-8' encoding to copy filtered resources.
2018-03-05 17:29:37,398 [Worker-54] INFO  o.e.m.c.i.embedder.EclipseLogger - Copying 0 resource
2018-03-05 17:29:37,398 [Worker-54] INFO  o.e.m.c.i.embedder.EclipseLogger - Copying 0 resource
2018-03-05 17:29:37,400 [Worker-54] INFO  o.e.m.c.i.embedder.EclipseLogger - Using 'UTF-8' encoding to copy filtered resources.
2018-03-05 17:29:37,400 [Worker-54] INFO  o.e.m.c.i.embedder.EclipseLogger - Copying 0 resource
2018-03-05 17:29:39,254 [Worker-57] INFO  o.e.m.c.i.embedder.EclipseLogger - Using 'UTF-8' encoding to copy filtered resources.
2018-03-05 17:29:39,258 [Worker-57] INFO  o.e.m.c.i.embedder.EclipseLogger - Copying 1 resource
2018-03-05 17:29:39,266 [Worker-57] INFO  o.e.m.c.i.embedder.EclipseLogger - Copying 1 resource
2018-03-05 17:29:39,291 [Worker-57] INFO  o.e.m.c.i.embedder.EclipseLogger - Using 'UTF-8' encoding to copy filtered resources.
2018-03-05 17:29:39,291 [Worker-57] INFO  o.e.m.c.i.embedder.EclipseLogger - Copying 0 resource
2018-03-05 17:30:45,259 [Worker-50] INFO  o.e.m.c.i.embedder.EclipseLogger - Using 'UTF-8' encoding to copy filtered resources.
2018-03-05 17:30:45,259 [Worker-50] INFO  o.e.m.c.i.embedder.EclipseLogger - Copying 1 resource
2018-03-05 17:30:45,260 [Worker-50] INFO  o.e.m.c.i.embedder.EclipseLogger - Copying 1 resource
2018-03-05 17:30:45,262 [Worker-50] INFO  o.e.m.c.i.embedder.EclipseLogger - Using 'UTF-8' encoding to copy filtered resources.
2018-03-05 17:30:45,263 [Worker-50] INFO  o.e.m.c.i.embedder.EclipseLogger - Copying 0 resource
2018-03-05 17:40:14,548 [Worker-51] INFO  o.e.m.c.i.embedder.EclipseLogger - Using 'UTF-8' encoding to copy filtered resources.
2018-03-05 17:40:14,596 [Worker-51] INFO  o.e.m.c.i.embedder.EclipseLogger - Copying 1 resource
2018-03-05 17:40:14,608 [Worker-51] INFO  o.e.m.c.i.embedder.EclipseLogger - Copying 1 resource
2018-03-05 17:40:14,612 [Worker-51] INFO  o.e.m.c.i.embedder.EclipseLogger - Using 'UTF-8' encoding to copy filtered resources.
2018-03-05 17:40:14,613 [Worker-51] INFO  o.e.m.c.i.embedder.EclipseLogger - Copying 0 resource
2018-03-05 17:40:35,545 [Worker-59] INFO  o.e.m.c.i.p.ProjectConfigurationManager - Update started
2018-03-05 17:40:38,292 [Worker-59] INFO  o.e.m.c.i.l.LifecycleMappingFactory - Using org.eclipse.m2e.jdt.JarLifecycleMapping lifecycle mapping for MavenProject: com.mainclass:test-producer:0.0.1-SNAPSHOT @ /home/charlis/Desktop/Microservices/docker/test-producer/pom.xml.
2018-03-05 17:40:41,252 [Worker-59] INFO  o.e.m.c.i.l.LifecycleMappingFactory - Using org.eclipse.m2e.jdt.JarLifecycleMapping lifecycle mapping for MavenProject: com.mainclass:admin:0.0.1-SNAPSHOT @ /home/charlis/Desktop/Microservices/docker/admin/pom.xml.
2018-03-05 17:40:42,542 [Worker-59] INFO  o.e.m.c.i.l.LifecycleMappingFactory - Using org.eclipse.m2e.jdt.JarLifecycleMapping lifecycle mapping for MavenProject: com.mainclass:eureka-server:0.0.1-SNAPSHOT @ /home/charlis/Desktop/Microservices/docker/eureka-server/pom.xml.
2018-03-05 17:40:45,045 [Worker-59] INFO  o.e.m.j.i.AbstractJavaProjectConfigurator - Adding source folder /test-producer/src/main/java
2018-03-05 17:40:45,046 [Worker-59] INFO  o.e.m.j.i.AbstractJavaProjectConfigurator - Adding resource folder /test-producer/src/main/resources
2018-03-05 17:40:45,046 [Worker-59] INFO  o.e.m.j.i.AbstractJavaProjectConfigurator - Adding resource folder /test-producer/src/main/resources
2018-03-05 17:40:45,046 [Worker-59] INFO  o.e.m.j.i.AbstractJavaProjectConfigurator - Adding source folder /test-producer/src/test/java
2018-03-05 17:40:45,046 [Worker-59] INFO  o.e.m.j.i.AbstractJavaProjectConfigurator - Adding resource folder /test-producer/src/test/resources
2018-03-05 17:40:45,295 [Worker-59] INFO  o.e.m.c.i.p.ProjectConfigurationManager - Update completed: 9 sec
2018-03-05 17:40:45,799 [Worker-51] INFO  o.e.m.c.i.embedder.EclipseLogger - Using 'UTF-8' encoding to copy filtered resources.
2018-03-05 17:40:45,843 [Worker-51] INFO  o.e.m.c.i.embedder.EclipseLogger - Copying 0 resource
2018-03-05 17:40:45,843 [Worker-51] INFO  o.e.m.c.i.embedder.EclipseLogger - Copying 0 resource
2018-03-05 17:40:45,845 [Worker-51] INFO  o.e.m.c.i.embedder.EclipseLogger - Using 'UTF-8' encoding to copy filtered resources.
2018-03-05 17:40:45,846 [Worker-51] INFO  o.e.m.c.i.embedder.EclipseLogger - Copying 0 resource
2018-03-05 17:40:46,349 [Worker-51] INFO  o.e.m.c.i.embedder.EclipseLogger - Using 'UTF-8' encoding to copy filtered resources.
2018-03-05 17:40:46,431 [Worker-51] INFO  o.e.m.c.i.embedder.EclipseLogger - Copying 0 resource
2018-03-05 17:40:46,431 [Worker-51] INFO  o.e.m.c.i.embedder.EclipseLogger - Copying 0 resource
2018-03-05 17:40:46,433 [Worker-51] INFO  o.e.m.c.i.embedder.EclipseLogger - Using 'UTF-8' encoding to copy filtered resources.
2018-03-05 17:40:46,445 [Worker-51] INFO  o.e.m.c.i.embedder.EclipseLogger - Copying 0 resource
2018-03-05 17:40:47,122 [Worker-60] INFO  o.e.m.c.i.embedder.EclipseLogger - Using 'UTF-8' encoding to copy filtered resources.
2018-03-05 17:40:47,122 [Worker-60] INFO  o.e.m.c.i.embedder.EclipseLogger - Copying 1 resource
2018-03-05 17:40:47,153 [Worker-60] INFO  o.e.m.c.i.embedder.EclipseLogger - Copying 1 resource
2018-03-05 17:40:47,167 [Worker-60] INFO  o.e.m.c.i.embedder.EclipseLogger - Using 'UTF-8' encoding to copy filtered resources.
2018-03-05 17:40:47,167 [Worker-60] INFO  o.e.m.c.i.embedder.EclipseLogger - Copying 0 resource
2018-03-05 17:49:13,650 [Worker-63] INFO  o.e.m.c.i.embedder.EclipseLogger - Using 'UTF-8' encoding to copy filtered resources.
2018-03-05 17:49:13,703 [Worker-63] INFO  o.e.m.c.i.embedder.EclipseLogger - Copying 1 resource
2018-03-05 17:49:13,729 [Worker-63] INFO  o.e.m.c.i.embedder.EclipseLogger - Copying 0 resource
2018-03-05 17:49:13,748 [Worker-63] INFO  o.e.m.c.i.embedder.EclipseLogger - Using 'UTF-8' encoding to copy filtered resources.
2018-03-05 17:49:13,749 [Worker-63] INFO  o.e.m.c.i.embedder.EclipseLogger - Copying 0 resource
2018-03-05 17:53:25,242 [Worker-64] INFO  o.e.m.c.i.embedder.EclipseLogger - Using 'UTF-8' encoding to copy filtered resources.
2018-03-05 17:53:25,242 [Worker-64] INFO  o.e.m.c.i.embedder.EclipseLogger - Copying 1 resource
2018-03-05 17:53:25,243 [Worker-64] INFO  o.e.m.c.i.embedder.EclipseLogger - Copying 0 resource
2018-03-05 17:53:25,245 [Worker-64] INFO  o.e.m.c.i.embedder.EclipseLogger - Using 'UTF-8' encoding to copy filtered resources.
2018-03-05 17:53:25,245 [Worker-64] INFO  o.e.m.c.i.embedder.EclipseLogger - Copying 0 resource
2018-03-05 18:31:06,385 [Worker-71] INFO  o.e.m.c.i.embedder.EclipseLogger - Using 'UTF-8' encoding to copy filtered resources.
2018-03-05 18:31:06,715 [Worker-71] INFO  o.e.m.c.i.embedder.EclipseLogger - Copying 1 resource
2018-03-05 18:31:06,760 [Worker-71] INFO  o.e.m.c.i.embedder.EclipseLogger - Copying 0 resource
2018-03-05 18:31:06,818 [Worker-71] INFO  o.e.m.c.i.embedder.EclipseLogger - Using 'UTF-8' encoding to copy filtered resources.
2018-03-05 18:31:07,035 [Worker-71] INFO  o.e.m.c.i.embedder.EclipseLogger - Copying 0 resource
2018-03-05 18:33:32,237 [Worker-73] INFO  o.e.m.c.i.embedder.EclipseLogger - Using 'UTF-8' encoding to copy filtered resources.
2018-03-05 18:33:32,237 [Worker-73] INFO  o.e.m.c.i.embedder.EclipseLogger - Copying 1 resource
2018-03-05 18:33:32,238 [Worker-73] INFO  o.e.m.c.i.embedder.EclipseLogger - Copying 1 resource
2018-03-05 18:33:32,240 [Worker-73] INFO  o.e.m.c.i.embedder.EclipseLogger - Using 'UTF-8' encoding to copy filtered resources.
2018-03-05 18:33:32,240 [Worker-73] INFO  o.e.m.c.i.embedder.EclipseLogger - Copying 0 resource
2018-03-05 18:35:24,103 [Worker-71] INFO  o.e.m.c.i.embedder.EclipseLogger - Using 'UTF-8' encoding to copy filtered resources.
2018-03-05 18:35:24,147 [Worker-71] INFO  o.e.m.c.i.embedder.EclipseLogger - Copying 1 resource
2018-03-05 18:35:24,149 [Worker-71] INFO  o.e.m.c.i.embedder.EclipseLogger - Copying 1 resource
2018-03-05 18:35:24,197 [Worker-71] INFO  o.e.m.c.i.embedder.EclipseLogger - Using 'UTF-8' encoding to copy filtered resources.
2018-03-05 18:35:24,198 [Worker-71] INFO  o.e.m.c.i.embedder.EclipseLogger - Copying 0 resource
2018-03-05 18:43:32,426 [Worker-78] INFO  o.e.m.c.i.embedder.EclipseLogger - Using 'UTF-8' encoding to copy filtered resources.
2018-03-05 18:43:32,582 [Worker-78] INFO  o.e.m.c.i.embedder.EclipseLogger - Copying 1 resource
2018-03-05 18:43:32,705 [Worker-78] INFO  o.e.m.c.i.embedder.EclipseLogger - Copying 0 resource
2018-03-05 18:43:32,720 [Worker-78] INFO  o.e.m.c.i.embedder.EclipseLogger - Using 'UTF-8' encoding to copy filtered resources.
2018-03-05 18:43:32,720 [Worker-78] INFO  o.e.m.c.i.embedder.EclipseLogger - Copying 0 resource
2018-03-05 18:47:43,818 [Worker-71] INFO  o.e.m.c.i.embedder.EclipseLogger - Using 'UTF-8' encoding to copy filtered resources.
2018-03-05 18:47:43,819 [Worker-71] INFO  o.e.m.c.i.embedder.EclipseLogger - Copying 1 resource
2018-03-05 18:47:43,820 [Worker-71] INFO  o.e.m.c.i.embedder.EclipseLogger - Copying 0 resource
2018-03-05 18:47:43,822 [Worker-71] INFO  o.e.m.c.i.embedder.EclipseLogger - Using 'UTF-8' encoding to copy filtered resources.
2018-03-05 18:47:43,822 [Worker-71] INFO  o.e.m.c.i.embedder.EclipseLogger - Copying 0 resource
2018-03-05 18:47:58,546 [Worker-77] INFO  o.e.m.c.i.embedder.EclipseLogger - Using 'UTF-8' encoding to copy filtered resources.
2018-03-05 18:47:58,547 [Worker-77] INFO  o.e.m.c.i.embedder.EclipseLogger - Copying 1 resource
2018-03-05 18:47:58,586 [Worker-77] INFO  o.e.m.c.i.embedder.EclipseLogger - Copying 0 resource
2018-03-05 18:47:58,604 [Worker-77] INFO  o.e.m.c.i.embedder.EclipseLogger - Using 'UTF-8' encoding to copy filtered resources.
2018-03-05 18:47:58,604 [Worker-77] INFO  o.e.m.c.i.embedder.EclipseLogger - Copying 0 resource
2018-03-05 18:48:33,430 [Worker-80] INFO  o.e.m.c.i.embedder.EclipseLogger - Using 'UTF-8' encoding to copy filtered resources.
2018-03-05 18:48:33,455 [Worker-80] INFO  o.e.m.c.i.embedder.EclipseLogger - Copying 1 resource
2018-03-05 18:48:33,456 [Worker-80] INFO  o.e.m.c.i.embedder.EclipseLogger - Copying 1 resource
2018-03-05 18:48:33,457 [Worker-80] INFO  o.e.m.c.i.embedder.EclipseLogger - Using 'UTF-8' encoding to copy filtered resources.
2018-03-05 18:48:33,458 [Worker-80] INFO  o.e.m.c.i.embedder.EclipseLogger - Copying 0 resource
2018-03-05 18:58:19,005 [Worker-84] INFO  o.e.m.c.i.embedder.EclipseLogger - Using 'UTF-8' encoding to copy filtered resources.
2018-03-05 18:58:19,109 [Worker-84] INFO  o.e.m.c.i.embedder.EclipseLogger - Copying 1 resource
2018-03-05 18:58:19,131 [Worker-84] INFO  o.e.m.c.i.embedder.EclipseLogger - Copying 0 resource
2018-03-05 18:58:19,134 [Worker-84] INFO  o.e.m.c.i.embedder.EclipseLogger - Using 'UTF-8' encoding to copy filtered resources.
2018-03-05 18:58:19,134 [Worker-84] INFO  o.e.m.c.i.embedder.EclipseLogger - Copying 0 resource
2018-03-05 19:01:32,920 [Worker-87] INFO  o.e.m.c.i.l.LifecycleMappingFactory - Using org.eclipse.m2e.jdt.JarLifecycleMapping lifecycle mapping for MavenProject: com.mainclass:zuul-gateway:0.0.1-SNAPSHOT @ /home/charlis/Desktop/Microservices/docker/zuul-gateway/pom.xml.
2018-03-05 19:01:56,185 [Worker-87] INFO  o.e.m.c.i.embedder.EclipseLogger - Using 'UTF-8' encoding to copy filtered resources.
2018-03-05 19:01:56,186 [Worker-87] INFO  o.e.m.c.i.embedder.EclipseLogger - Copying 1 resource
2018-03-05 19:01:56,186 [Worker-87] INFO  o.e.m.c.i.embedder.EclipseLogger - Copying 1 resource
2018-03-05 19:01:56,240 [Worker-87] INFO  o.e.m.c.i.embedder.EclipseLogger - Using 'UTF-8' encoding to copy filtered resources.
2018-03-05 19:01:56,241 [Worker-87] INFO  o.e.m.c.i.embedder.EclipseLogger - Copying 0 resource
2018-03-05 19:02:00,776 [Worker-83] INFO  o.e.m.c.i.l.LifecycleMappingFactory - Using org.eclipse.m2e.jdt.JarLifecycleMapping lifecycle mapping for MavenProject: com.mainclass:zuul-gateway:0.0.1-SNAPSHOT @ /home/charlis/Desktop/Microservices/docker/zuul-gateway/pom.xml.
2018-03-05 19:02:05,698 [Worker-87] INFO  o.e.m.c.i.embedder.EclipseLogger - Using 'UTF-8' encoding to copy filtered resources.
2018-03-05 19:02:05,698 [Worker-87] INFO  o.e.m.c.i.embedder.EclipseLogger - Copying 1 resource
2018-03-05 19:02:05,699 [Worker-87] INFO  o.e.m.c.i.embedder.EclipseLogger - Copying 1 resource
2018-03-05 19:02:05,701 [Worker-87] INFO  o.e.m.c.i.embedder.EclipseLogger - Using 'UTF-8' encoding to copy filtered resources.
2018-03-05 19:02:05,701 [Worker-87] INFO  o.e.m.c.i.embedder.EclipseLogger - Copying 0 resource
2018-03-05 19:02:10,840 [Worker-88] INFO  o.e.m.c.i.embedder.EclipseLogger - Using 'UTF-8' encoding to copy filtered resources.
2018-03-05 19:02:10,840 [Worker-88] INFO  o.e.m.c.i.embedder.EclipseLogger - Copying 1 resource
2018-03-05 19:02:10,841 [Worker-88] INFO  o.e.m.c.i.embedder.EclipseLogger - Copying 1 resource
2018-03-05 19:02:10,921 [Worker-88] INFO  o.e.m.c.i.embedder.EclipseLogger - Using 'UTF-8' encoding to copy filtered resources.
2018-03-05 19:02:10,921 [Worker-88] INFO  o.e.m.c.i.embedder.EclipseLogger - Copying 0 resource
2018-03-05 19:02:11,691 [Worker-83] INFO  o.e.m.c.i.embedder.EclipseLogger - Using 'UTF-8' encoding to copy filtered resources.
2018-03-05 19:02:11,691 [Worker-83] INFO  o.e.m.c.i.embedder.EclipseLogger - Copying 1 resource
2018-03-05 19:02:11,691 [Worker-83] INFO  o.e.m.c.i.embedder.EclipseLogger - Copying 1 resource
2018-03-05 19:02:11,693 [Worker-83] INFO  o.e.m.c.i.embedder.EclipseLogger - Using 'UTF-8' encoding to copy filtered resources.
2018-03-05 19:02:11,693 [Worker-83] INFO  o.e.m.c.i.embedder.EclipseLogger - Copying 0 resource
2018-03-05 19:06:55,962 [Worker-83] INFO  o.e.m.c.i.l.LifecycleMappingFactory - Using org.eclipse.m2e.jdt.JarLifecycleMapping lifecycle mapping for MavenProject: com.mainclass:copyfiles-consumer:0.0.1-SNAPSHOT @ /home/charlis/Desktop/Microservices/docker/copyfiles-consumer/pom.xml.
2018-03-05 19:06:57,350 [Worker-83] INFO  o.e.m.c.i.embedder.EclipseLogger - Using 'UTF-8' encoding to copy filtered resources.
2018-03-05 19:06:57,350 [Worker-83] INFO  o.e.m.c.i.embedder.EclipseLogger - Copying 2 resources
2018-03-05 19:06:57,381 [Worker-83] INFO  o.e.m.c.i.embedder.EclipseLogger - Copying 1 resource
2018-03-05 19:06:57,383 [Worker-83] INFO  o.e.m.c.i.embedder.EclipseLogger - Using 'UTF-8' encoding to copy filtered resources.
2018-03-05 19:06:57,383 [Worker-83] INFO  o.e.m.c.i.embedder.EclipseLogger - Copying 0 resource
2018-03-05 19:06:58,757 [Worker-92] INFO  o.e.m.c.i.l.LifecycleMappingFactory - Using org.eclipse.m2e.jdt.JarLifecycleMapping lifecycle mapping for MavenProject: com.mainclass:copyfiles-consumer:0.0.1-SNAPSHOT @ /home/charlis/Desktop/Microservices/docker/copyfiles-consumer/pom.xml.
2018-03-05 19:07:03,538 [Worker-83] INFO  o.e.m.c.i.embedder.EclipseLogger - Using 'UTF-8' encoding to copy filtered resources.
2018-03-05 19:07:03,539 [Worker-83] INFO  o.e.m.c.i.embedder.EclipseLogger - Copying 2 resources
2018-03-05 19:07:03,540 [Worker-83] INFO  o.e.m.c.i.embedder.EclipseLogger - Copying 1 resource
2018-03-05 19:07:03,542 [Worker-83] INFO  o.e.m.c.i.embedder.EclipseLogger - Using 'UTF-8' encoding to copy filtered resources.
2018-03-05 19:07:03,542 [Worker-83] INFO  o.e.m.c.i.embedder.EclipseLogger - Copying 0 resource
2018-03-05 19:13:46,129 [Worker-4] INFO  c.g.t.t.d.PublishedGradleVersions - Gradle version information cache is up-to-date. Trying to read.
2018-03-05 19:16:07,854 [Worker-0] INFO  o.e.m.c.i.l.LifecycleMappingFactory - Using org.eclipse.m2e.jdt.JarLifecycleMapping lifecycle mapping for MavenProject: com.mainclass:test-consumer:0.0.1-SNAPSHOT @ /home/charlis/Desktop/Microservices/docker/test-consumer/pom.xml.
2018-03-05 19:16:08,809 [Worker-0] INFO  o.e.m.j.i.AbstractJavaProjectConfigurator - Adding source folder /test-consumer/src/main/java
2018-03-05 19:16:08,811 [Worker-0] INFO  o.e.m.j.i.AbstractJavaProjectConfigurator - Adding resource folder /test-consumer/src/main/resources
2018-03-05 19:16:08,813 [Worker-0] INFO  o.e.m.j.i.AbstractJavaProjectConfigurator - Adding source folder /test-consumer/src/test/java
2018-03-05 19:16:08,814 [Worker-0] INFO  o.e.m.j.i.AbstractJavaProjectConfigurator - Adding resource folder /test-consumer/src/test/resources
2018-03-05 19:16:10,715 [Worker-0] WARN  o.e.m.c.i.embedder.EclipseLogger - Using platform encoding (UTF-8 actually) to copy filtered resources, i.e. build is platform dependent!
2018-03-05 19:16:10,727 [Worker-0] INFO  o.e.m.c.i.embedder.EclipseLogger - Copying 0 resource
2018-03-05 19:16:10,733 [Worker-0] WARN  o.e.m.c.i.embedder.EclipseLogger - Using platform encoding (UTF-8 actually) to copy filtered resources, i.e. build is platform dependent!
2018-03-05 19:16:10,735 [Worker-0] INFO  o.e.m.c.i.embedder.EclipseLogger - Copying 0 resource
2018-03-05 19:17:33,905 [Worker-11] INFO  o.e.m.c.i.l.LifecycleMappingFactory - Using org.eclipse.m2e.jdt.JarLifecycleMapping lifecycle mapping for MavenProject: com.mainclass:test-consumer:0.0.1-SNAPSHOT @ /home/charlis/Desktop/Microservices/docker/test-consumer/pom.xml.
2018-03-05 19:17:35,256 [Worker-11] INFO  o.e.m.c.i.embedder.EclipseLogger - Using 'UTF-8' encoding to copy filtered resources.
2018-03-05 19:17:35,269 [Worker-11] INFO  o.e.m.c.i.embedder.EclipseLogger - Copying 0 resource
2018-03-05 19:17:35,269 [Worker-11] INFO  o.e.m.c.i.embedder.EclipseLogger - Copying 0 resource
2018-03-05 19:17:35,274 [Worker-11] INFO  o.e.m.c.i.embedder.EclipseLogger - Using 'UTF-8' encoding to copy filtered resources.
2018-03-05 19:17:35,274 [Worker-11] INFO  o.e.m.c.i.embedder.EclipseLogger - Copying 0 resource
2018-03-05 19:17:38,130 [Worker-11] INFO  o.e.m.c.i.embedder.EclipseLogger - Using 'UTF-8' encoding to copy filtered resources.
2018-03-05 19:17:38,133 [Worker-11] INFO  o.e.m.c.i.embedder.EclipseLogger - Copying 0 resource
2018-03-05 19:17:38,133 [Worker-11] INFO  o.e.m.c.i.embedder.EclipseLogger - Copying 0 resource
2018-03-05 19:17:38,136 [Worker-11] INFO  o.e.m.c.i.embedder.EclipseLogger - Using 'UTF-8' encoding to copy filtered resources.
2018-03-05 19:17:38,136 [Worker-11] INFO  o.e.m.c.i.embedder.EclipseLogger - Copying 0 resource
2018-03-05 19:18:10,261 [Worker-17] INFO  o.e.m.c.i.p.ProjectConfigurationManager - Update started
2018-03-05 19:18:10,892 [Worker-17] INFO  o.e.m.c.i.l.LifecycleMappingFactory - Using org.eclipse.m2e.jdt.JarLifecycleMapping lifecycle mapping for MavenProject: com.mainclass:test-consumer:0.0.1-SNAPSHOT @ /home/charlis/Desktop/Microservices/docker/test-consumer/pom.xml.
2018-03-05 19:18:12,023 [Worker-17] INFO  o.e.m.j.i.AbstractJavaProjectConfigurator - Adding source folder /test-consumer/src/main/java
2018-03-05 19:18:12,025 [Worker-17] INFO  o.e.m.j.i.AbstractJavaProjectConfigurator - Adding resource folder /test-consumer/src/main/resources
2018-03-05 19:18:12,027 [Worker-17] INFO  o.e.m.j.i.AbstractJavaProjectConfigurator - Adding resource folder /test-consumer/src/main/resources
2018-03-05 19:18:12,029 [Worker-17] INFO  o.e.m.j.i.AbstractJavaProjectConfigurator - Adding source folder /test-consumer/src/test/java
2018-03-05 19:18:12,029 [Worker-17] INFO  o.e.m.j.i.AbstractJavaProjectConfigurator - Adding resource folder /test-consumer/src/test/resources
2018-03-05 19:18:12,482 [Worker-17] INFO  o.e.m.c.i.p.ProjectConfigurationManager - Update completed: 2 sec
2018-03-05 19:18:13,776 [Worker-17] INFO  o.e.m.c.i.embedder.EclipseLogger - Using 'UTF-8' encoding to copy filtered resources.
2018-03-05 19:18:13,777 [Worker-17] INFO  o.e.m.c.i.embedder.EclipseLogger - Copying 0 resource
2018-03-05 19:18:13,783 [Worker-17] INFO  o.e.m.c.i.embedder.EclipseLogger - Copying 0 resource
2018-03-05 19:18:13,787 [Worker-17] INFO  o.e.m.c.i.embedder.EclipseLogger - Using 'UTF-8' encoding to copy filtered resources.
2018-03-05 19:18:13,794 [Worker-17] INFO  o.e.m.c.i.embedder.EclipseLogger - Copying 0 resource
2018-03-05 19:18:15,642 [Worker-20] INFO  o.e.m.c.i.embedder.EclipseLogger - Using 'UTF-8' encoding to copy filtered resources.
2018-03-05 19:18:15,645 [Worker-20] INFO  o.e.m.c.i.embedder.EclipseLogger - Copying 0 resource
2018-03-05 19:18:15,646 [Worker-20] INFO  o.e.m.c.i.embedder.EclipseLogger - Copying 0 resource
2018-03-05 19:18:15,648 [Worker-20] INFO  o.e.m.c.i.embedder.EclipseLogger - Using 'UTF-8' encoding to copy filtered resources.
2018-03-05 19:18:15,648 [Worker-20] INFO  o.e.m.c.i.embedder.EclipseLogger - Copying 0 resource
2018-03-05 19:19:05,464 [Worker-0] INFO  o.e.m.c.i.embedder.EclipseLogger - Using 'UTF-8' encoding to copy filtered resources.
2018-03-05 19:19:05,467 [Worker-0] INFO  o.e.m.c.i.embedder.EclipseLogger - Copying 1 resource
2018-03-05 19:19:05,496 [Worker-0] INFO  o.e.m.c.i.embedder.EclipseLogger - Copying 0 resource
2018-03-05 19:19:05,502 [Worker-0] INFO  o.e.m.c.i.embedder.EclipseLogger - Using 'UTF-8' encoding to copy filtered resources.
2018-03-05 19:19:05,502 [Worker-0] INFO  o.e.m.c.i.embedder.EclipseLogger - Copying 0 resource
2018-03-05 19:19:25,822 [Worker-18] INFO  o.e.m.c.i.embedder.EclipseLogger - Using 'UTF-8' encoding to copy filtered resources.
2018-03-05 19:19:25,825 [Worker-18] INFO  o.e.m.c.i.embedder.EclipseLogger - Copying 1 resource
2018-03-05 19:19:25,826 [Worker-18] INFO  o.e.m.c.i.embedder.EclipseLogger - Copying 0 resource
2018-03-05 19:19:25,829 [Worker-18] INFO  o.e.m.c.i.embedder.EclipseLogger - Using 'UTF-8' encoding to copy filtered resources.
2018-03-05 19:19:25,836 [Worker-18] INFO  o.e.m.c.i.embedder.EclipseLogger - Copying 0 resource
2018-03-05 19:19:53,470 [Worker-19] INFO  o.e.m.c.i.embedder.EclipseLogger - Using 'UTF-8' encoding to copy filtered resources.
2018-03-05 19:19:53,471 [Worker-19] INFO  o.e.m.c.i.embedder.EclipseLogger - Copying 0 resource
2018-03-05 19:19:53,471 [Worker-19] INFO  o.e.m.c.i.embedder.EclipseLogger - Copying 1 resource
2018-03-05 19:19:53,490 [Worker-19] INFO  o.e.m.c.i.embedder.EclipseLogger - Using 'UTF-8' encoding to copy filtered resources.
2018-03-05 19:19:53,491 [Worker-19] INFO  o.e.m.c.i.embedder.EclipseLogger - Copying 0 resource
2018-03-05 19:20:04,565 [Worker-20] INFO  o.e.m.c.i.embedder.EclipseLogger - Using 'UTF-8' encoding to copy filtered resources.
2018-03-05 19:20:04,567 [Worker-20] INFO  o.e.m.c.i.embedder.EclipseLogger - Copying 0 resource
2018-03-05 19:20:04,567 [Worker-20] INFO  o.e.m.c.i.embedder.EclipseLogger - Copying 1 resource
2018-03-05 19:20:04,570 [Worker-20] INFO  o.e.m.c.i.embedder.EclipseLogger - Using 'UTF-8' encoding to copy filtered resources.
2018-03-05 19:20:04,570 [Worker-20] INFO  o.e.m.c.i.embedder.EclipseLogger - Copying 0 resource
2018-03-05 19:20:19,744 [Worker-20] INFO  o.e.m.c.i.embedder.EclipseLogger - Using 'UTF-8' encoding to copy filtered resources.
2018-03-05 19:20:19,744 [Worker-20] INFO  o.e.m.c.i.embedder.EclipseLogger - Copying 1 resource
2018-03-05 19:20:19,746 [Worker-20] INFO  o.e.m.c.i.embedder.EclipseLogger - Copying 0 resource
2018-03-05 19:20:19,748 [Worker-20] INFO  o.e.m.c.i.embedder.EclipseLogger - Using 'UTF-8' encoding to copy filtered resources.
2018-03-05 19:20:19,748 [Worker-20] INFO  o.e.m.c.i.embedder.EclipseLogger - Copying 0 resource
2018-03-05 19:20:31,556 [Worker-20] INFO  o.e.m.c.i.embedder.EclipseLogger - Using 'UTF-8' encoding to copy filtered resources.
2018-03-05 19:20:31,556 [Worker-20] INFO  o.e.m.c.i.embedder.EclipseLogger - Copying 1 resource
2018-03-05 19:20:31,557 [Worker-20] INFO  o.e.m.c.i.embedder.EclipseLogger - Copying 0 resource
2018-03-05 19:20:31,568 [Worker-20] INFO  o.e.m.c.i.embedder.EclipseLogger - Using 'UTF-8' encoding to copy filtered resources.
2018-03-05 19:20:31,568 [Worker-20] INFO  o.e.m.c.i.embedder.EclipseLogger - Copying 0 resource
2018-03-05 19:21:43,753 [Worker-18] INFO  o.e.m.c.i.embedder.EclipseLogger - Using 'UTF-8' encoding to copy filtered resources.
2018-03-05 19:21:43,754 [Worker-18] INFO  o.e.m.c.i.embedder.EclipseLogger - Copying 1 resource
2018-03-05 19:21:43,755 [Worker-18] INFO  o.e.m.c.i.embedder.EclipseLogger - Copying 0 resource
2018-03-05 19:21:43,756 [Worker-18] INFO  o.e.m.c.i.embedder.EclipseLogger - Using 'UTF-8' encoding to copy filtered resources.
2018-03-05 19:21:43,757 [Worker-18] INFO  o.e.m.c.i.embedder.EclipseLogger - Copying 0 resource
2018-03-05 19:33:41,163 [Worker-23] ERROR o.e.m.j.i.l.MavenLaunchConfigurationListener - Launch configuration EurekaServerApplication references non-existing project eureka-server.
org.eclipse.core.runtime.CoreException: Launch configuration EurekaServerApplication references non-existing project eureka-server.
	at org.eclipse.jdt.launching.JavaRuntime.abort(JavaRuntime.java:1408) ~[org.eclipse.jdt.launching_3.9.0.v20170419-1235.jar:na]
	at org.eclipse.jdt.launching.JavaRuntime.getJavaProject(JavaRuntime.java:1283) ~[org.eclipse.jdt.launching_3.9.0.v20170419-1235.jar:na]
	at org.eclipse.m2e.jdt.internal.launch.MavenLaunchConfigurationListener.updateLaunchConfiguration(MavenLaunchConfigurationListener.java:53) [org.eclipse.m2e.jdt_1.8.1.20170728-1531.jar:na]
	at org.eclipse.m2e.jdt.internal.launch.MavenLaunchConfigurationListener.launchConfigurationChanged(MavenLaunchConfigurationListener.java:38) [org.eclipse.m2e.jdt_1.8.1.20170728-1531.jar:na]
	at org.eclipse.debug.internal.core.LaunchManager$ConfigurationNotifier.run(LaunchManager.java:226) [org.eclipse.debug.core_3.11.0.v20170605-1534.jar:na]
	at org.eclipse.core.runtime.SafeRunner.run(SafeRunner.java:42) [org.eclipse.equinox.common_3.9.0.v20170207-1454.jar:na]
	at org.eclipse.debug.internal.core.LaunchManager$ConfigurationNotifier.notify(LaunchManager.java:207) [org.eclipse.debug.core_3.11.0.v20170605-1534.jar:na]
	at org.eclipse.debug.internal.core.LaunchConfigurationWorkingCopy.setDirty(LaunchConfigurationWorkingCopy.java:552) [org.eclipse.debug.core_3.11.0.v20170605-1534.jar:na]
	at org.eclipse.debug.internal.core.LaunchConfigurationWorkingCopy.setAttribute(LaunchConfigurationWorkingCopy.java:425) [org.eclipse.debug.core_3.11.0.v20170605-1534.jar:na]
	at org.eclipse.m2e.jdt.internal.launch.MavenRuntimeClasspathProvider.disable(MavenRuntimeClasspathProvider.java:309) [org.eclipse.m2e.jdt_1.8.1.20170728-1531.jar:na]
	at org.eclipse.m2e.jdt.internal.launch.MavenRuntimeClasspathProvider.disable(MavenRuntimeClasspathProvider.java:335) [org.eclipse.m2e.jdt_1.8.1.20170728-1531.jar:na]
	at org.eclipse.m2e.jdt.internal.launch.MavenLaunchConfigurationListener.mavenProjectChanged(MavenLaunchConfigurationListener.java:70) [org.eclipse.m2e.jdt_1.8.1.20170728-1531.jar:na]
	at org.eclipse.m2e.core.internal.project.registry.ProjectRegistryManager.notifyProjectChangeListeners(ProjectRegistryManager.java:783) [org.eclipse.m2e.core_1.8.1.20170728-1531.jar:na]
	at org.eclipse.m2e.core.internal.project.registry.ProjectRegistryManager.applyMutableProjectRegistry(ProjectRegistryManager.java:930) [org.eclipse.m2e.core_1.8.1.20170728-1531.jar:na]
	at org.eclipse.m2e.core.internal.project.registry.ProjectRegistryRefreshJob$1.call(ProjectRegistryRefreshJob.java:98) [org.eclipse.m2e.core_1.8.1.20170728-1531.jar:na]
	at org.eclipse.m2e.core.internal.project.registry.ProjectRegistryRefreshJob$1.call(ProjectRegistryRefreshJob.java:1) [org.eclipse.m2e.core_1.8.1.20170728-1531.jar:na]
	at org.eclipse.m2e.core.internal.embedder.MavenExecutionContext.executeBare(MavenExecutionContext.java:177) [org.eclipse.m2e.core_1.8.1.20170728-1531.jar:na]
	at org.eclipse.m2e.core.internal.embedder.MavenExecutionContext.execute(MavenExecutionContext.java:151) [org.eclipse.m2e.core_1.8.1.20170728-1531.jar:na]
	at org.eclipse.m2e.core.internal.embedder.MavenExecutionContext.execute(MavenExecutionContext.java:99) [org.eclipse.m2e.core_1.8.1.20170728-1531.jar:na]
	at org.eclipse.m2e.core.internal.embedder.MavenImpl.execute(MavenImpl.java:1355) [org.eclipse.m2e.core_1.8.1.20170728-1531.jar:na]
	at org.eclipse.m2e.core.internal.project.registry.ProjectRegistryRefreshJob.run(ProjectRegistryRefreshJob.java:81) [org.eclipse.m2e.core_1.8.1.20170728-1531.jar:na]
	at org.eclipse.core.internal.jobs.Worker.run(Worker.java:56) [org.eclipse.core.jobs_3.9.1.v20170714-0547.jar:na]
2018-03-05 19:33:41,179 [Worker-23] ERROR o.e.m.j.i.l.MavenLaunchConfigurationListener - Launch configuration EurekaServerApplication references non-existing project eureka-server.
org.eclipse.core.runtime.CoreException: Launch configuration EurekaServerApplication references non-existing project eureka-server.
	at org.eclipse.jdt.launching.JavaRuntime.abort(JavaRuntime.java:1408) ~[org.eclipse.jdt.launching_3.9.0.v20170419-1235.jar:na]
	at org.eclipse.jdt.launching.JavaRuntime.getJavaProject(JavaRuntime.java:1283) ~[org.eclipse.jdt.launching_3.9.0.v20170419-1235.jar:na]
	at org.eclipse.m2e.jdt.internal.launch.MavenLaunchConfigurationListener.updateLaunchConfiguration(MavenLaunchConfigurationListener.java:53) [org.eclipse.m2e.jdt_1.8.1.20170728-1531.jar:na]
	at org.eclipse.m2e.jdt.internal.launch.MavenLaunchConfigurationListener.launchConfigurationChanged(MavenLaunchConfigurationListener.java:38) [org.eclipse.m2e.jdt_1.8.1.20170728-1531.jar:na]
	at org.eclipse.debug.internal.core.LaunchManager$ConfigurationNotifier.run(LaunchManager.java:226) [org.eclipse.debug.core_3.11.0.v20170605-1534.jar:na]
	at org.eclipse.core.runtime.SafeRunner.run(SafeRunner.java:42) [org.eclipse.equinox.common_3.9.0.v20170207-1454.jar:na]
	at org.eclipse.debug.internal.core.LaunchManager$ConfigurationNotifier.notify(LaunchManager.java:207) [org.eclipse.debug.core_3.11.0.v20170605-1534.jar:na]
	at org.eclipse.debug.internal.core.LaunchConfigurationWorkingCopy.setDirty(LaunchConfigurationWorkingCopy.java:552) [org.eclipse.debug.core_3.11.0.v20170605-1534.jar:na]
	at org.eclipse.debug.internal.core.LaunchConfigurationWorkingCopy.setAttribute(LaunchConfigurationWorkingCopy.java:425) [org.eclipse.debug.core_3.11.0.v20170605-1534.jar:na]
	at org.eclipse.m2e.jdt.internal.launch.MavenRuntimeClasspathProvider.disable(MavenRuntimeClasspathProvider.java:310) [org.eclipse.m2e.jdt_1.8.1.20170728-1531.jar:na]
	at org.eclipse.m2e.jdt.internal.launch.MavenRuntimeClasspathProvider.disable(MavenRuntimeClasspathProvider.java:335) [org.eclipse.m2e.jdt_1.8.1.20170728-1531.jar:na]
	at org.eclipse.m2e.jdt.internal.launch.MavenLaunchConfigurationListener.mavenProjectChanged(MavenLaunchConfigurationListener.java:70) [org.eclipse.m2e.jdt_1.8.1.20170728-1531.jar:na]
	at org.eclipse.m2e.core.internal.project.registry.ProjectRegistryManager.notifyProjectChangeListeners(ProjectRegistryManager.java:783) [org.eclipse.m2e.core_1.8.1.20170728-1531.jar:na]
	at org.eclipse.m2e.core.internal.project.registry.ProjectRegistryManager.applyMutableProjectRegistry(ProjectRegistryManager.java:930) [org.eclipse.m2e.core_1.8.1.20170728-1531.jar:na]
	at org.eclipse.m2e.core.internal.project.registry.ProjectRegistryRefreshJob$1.call(ProjectRegistryRefreshJob.java:98) [org.eclipse.m2e.core_1.8.1.20170728-1531.jar:na]
	at org.eclipse.m2e.core.internal.project.registry.ProjectRegistryRefreshJob$1.call(ProjectRegistryRefreshJob.java:1) [org.eclipse.m2e.core_1.8.1.20170728-1531.jar:na]
	at org.eclipse.m2e.core.internal.embedder.MavenExecutionContext.executeBare(MavenExecutionContext.java:177) [org.eclipse.m2e.core_1.8.1.20170728-1531.jar:na]
	at org.eclipse.m2e.core.internal.embedder.MavenExecutionContext.execute(MavenExecutionContext.java:151) [org.eclipse.m2e.core_1.8.1.20170728-1531.jar:na]
	at org.eclipse.m2e.core.internal.embedder.MavenExecutionContext.execute(MavenExecutionContext.java:99) [org.eclipse.m2e.core_1.8.1.20170728-1531.jar:na]
	at org.eclipse.m2e.core.internal.embedder.MavenImpl.execute(MavenImpl.java:1355) [org.eclipse.m2e.core_1.8.1.20170728-1531.jar:na]
	at org.eclipse.m2e.core.internal.project.registry.ProjectRegistryRefreshJob.run(ProjectRegistryRefreshJob.java:81) [org.eclipse.m2e.core_1.8.1.20170728-1531.jar:na]
	at org.eclipse.core.internal.jobs.Worker.run(Worker.java:56) [org.eclipse.core.jobs_3.9.1.v20170714-0547.jar:na]
2018-03-05 19:33:41,185 [Worker-23] ERROR o.e.m.j.i.l.MavenLaunchConfigurationListener - Launch configuration EurekaServerApplication references non-existing project eureka-server.
org.eclipse.core.runtime.CoreException: Launch configuration EurekaServerApplication references non-existing project eureka-server.
	at org.eclipse.jdt.launching.JavaRuntime.abort(JavaRuntime.java:1408) ~[org.eclipse.jdt.launching_3.9.0.v20170419-1235.jar:na]
	at org.eclipse.jdt.launching.JavaRuntime.getJavaProject(JavaRuntime.java:1283) ~[org.eclipse.jdt.launching_3.9.0.v20170419-1235.jar:na]
	at org.eclipse.m2e.jdt.internal.launch.MavenLaunchConfigurationListener.updateLaunchConfiguration(MavenLaunchConfigurationListener.java:53) [org.eclipse.m2e.jdt_1.8.1.20170728-1531.jar:na]
	at org.eclipse.m2e.jdt.internal.launch.MavenLaunchConfigurationListener.launchConfigurationChanged(MavenLaunchConfigurationListener.java:38) [org.eclipse.m2e.jdt_1.8.1.20170728-1531.jar:na]
	at org.eclipse.debug.internal.core.LaunchManager$ConfigurationNotifier.run(LaunchManager.java:226) [org.eclipse.debug.core_3.11.0.v20170605-1534.jar:na]
	at org.eclipse.core.runtime.SafeRunner.run(SafeRunner.java:42) [org.eclipse.equinox.common_3.9.0.v20170207-1454.jar:na]
	at org.eclipse.debug.internal.core.LaunchManager$ConfigurationNotifier.notify(LaunchManager.java:207) [org.eclipse.debug.core_3.11.0.v20170605-1534.jar:na]
	at org.eclipse.debug.internal.core.LaunchManager.launchConfigurationChanged(LaunchManager.java:2166) [org.eclipse.debug.core_3.11.0.v20170605-1534.jar:na]
	at org.eclipse.debug.internal.core.LaunchConfigurationWorkingCopy.writeNewFile(LaunchConfigurationWorkingCopy.java:384) [org.eclipse.debug.core_3.11.0.v20170605-1534.jar:na]
	at org.eclipse.debug.internal.core.LaunchConfigurationWorkingCopy.doSave0(LaunchConfigurationWorkingCopy.java:250) [org.eclipse.debug.core_3.11.0.v20170605-1534.jar:na]
	at org.eclipse.debug.internal.core.LaunchConfigurationWorkingCopy.doSave(LaunchConfigurationWorkingCopy.java:220) [org.eclipse.debug.core_3.11.0.v20170605-1534.jar:na]
	at org.eclipse.debug.internal.core.LaunchConfigurationWorkingCopy.doSave(LaunchConfigurationWorkingCopy.java:173) [org.eclipse.debug.core_3.11.0.v20170605-1534.jar:na]
	at org.eclipse.m2e.jdt.internal.launch.MavenRuntimeClasspathProvider.disable(MavenRuntimeClasspathProvider.java:311) [org.eclipse.m2e.jdt_1.8.1.20170728-1531.jar:na]
	at org.eclipse.m2e.jdt.internal.launch.MavenRuntimeClasspathProvider.disable(MavenRuntimeClasspathProvider.java:335) [org.eclipse.m2e.jdt_1.8.1.20170728-1531.jar:na]
	at org.eclipse.m2e.jdt.internal.launch.MavenLaunchConfigurationListener.mavenProjectChanged(MavenLaunchConfigurationListener.java:70) [org.eclipse.m2e.jdt_1.8.1.20170728-1531.jar:na]
	at org.eclipse.m2e.core.internal.project.registry.ProjectRegistryManager.notifyProjectChangeListeners(ProjectRegistryManager.java:783) [org.eclipse.m2e.core_1.8.1.20170728-1531.jar:na]
	at org.eclipse.m2e.core.internal.project.registry.ProjectRegistryManager.applyMutableProjectRegistry(ProjectRegistryManager.java:930) [org.eclipse.m2e.core_1.8.1.20170728-1531.jar:na]
	at org.eclipse.m2e.core.internal.project.registry.ProjectRegistryRefreshJob$1.call(ProjectRegistryRefreshJob.java:98) [org.eclipse.m2e.core_1.8.1.20170728-1531.jar:na]
	at org.eclipse.m2e.core.internal.project.registry.ProjectRegistryRefreshJob$1.call(ProjectRegistryRefreshJob.java:1) [org.eclipse.m2e.core_1.8.1.20170728-1531.jar:na]
	at org.eclipse.m2e.core.internal.embedder.MavenExecutionContext.executeBare(MavenExecutionContext.java:177) [org.eclipse.m2e.core_1.8.1.20170728-1531.jar:na]
	at org.eclipse.m2e.core.internal.embedder.MavenExecutionContext.execute(MavenExecutionContext.java:151) [org.eclipse.m2e.core_1.8.1.20170728-1531.jar:na]
	at org.eclipse.m2e.core.internal.embedder.MavenExecutionContext.execute(MavenExecutionContext.java:99) [org.eclipse.m2e.core_1.8.1.20170728-1531.jar:na]
	at org.eclipse.m2e.core.internal.embedder.MavenImpl.execute(MavenImpl.java:1355) [org.eclipse.m2e.core_1.8.1.20170728-1531.jar:na]
	at org.eclipse.m2e.core.internal.project.registry.ProjectRegistryRefreshJob.run(ProjectRegistryRefreshJob.java:81) [org.eclipse.m2e.core_1.8.1.20170728-1531.jar:na]
	at org.eclipse.core.internal.jobs.Worker.run(Worker.java:56) [org.eclipse.core.jobs_3.9.1.v20170714-0547.jar:na]
2018-03-05 19:34:27,293 [Worker-24] INFO  o.e.m.c.i.embedder.EclipseLogger - Using 'UTF-8' encoding to copy filtered resources.
2018-03-05 19:34:27,296 [Worker-24] INFO  o.e.m.c.i.embedder.EclipseLogger - Copying 1 resource
2018-03-05 19:34:27,297 [Worker-24] INFO  o.e.m.c.i.embedder.EclipseLogger - Copying 1 resource
2018-03-05 19:34:27,299 [Worker-24] INFO  o.e.m.c.i.embedder.EclipseLogger - Using 'UTF-8' encoding to copy filtered resources.
2018-03-05 19:34:27,300 [Worker-24] INFO  o.e.m.c.i.embedder.EclipseLogger - Copying 0 resource
2018-03-05 19:35:25,503 [Worker-19] INFO  o.e.m.c.i.embedder.EclipseLogger - Using 'UTF-8' encoding to copy filtered resources.
2018-03-05 19:35:25,503 [Worker-19] INFO  o.e.m.c.i.embedder.EclipseLogger - Copying 1 resource
2018-03-05 19:35:25,504 [Worker-19] INFO  o.e.m.c.i.embedder.EclipseLogger - Copying 0 resource
2018-03-05 19:35:25,507 [Worker-19] INFO  o.e.m.c.i.embedder.EclipseLogger - Using 'UTF-8' encoding to copy filtered resources.
2018-03-05 19:35:25,507 [Worker-19] INFO  o.e.m.c.i.embedder.EclipseLogger - Copying 0 resource
2018-03-05 21:11:40,593 [Worker-28] INFO  o.e.m.c.i.embedder.EclipseLogger - Using 'UTF-8' encoding to copy filtered resources.
2018-03-05 21:11:40,641 [Worker-28] INFO  o.e.m.c.i.embedder.EclipseLogger - Copying 1 resource
2018-03-05 21:11:40,680 [Worker-28] INFO  o.e.m.c.i.embedder.EclipseLogger - Copying 0 resource
2018-03-05 21:11:40,683 [Worker-28] INFO  o.e.m.c.i.embedder.EclipseLogger - Using 'UTF-8' encoding to copy filtered resources.
2018-03-05 21:11:40,683 [Worker-28] INFO  o.e.m.c.i.embedder.EclipseLogger - Copying 0 resource
2018-03-05 21:12:50,285 [Worker-26] INFO  o.e.m.c.i.embedder.EclipseLogger - Using 'UTF-8' encoding to copy filtered resources.
2018-03-05 21:12:50,297 [Worker-26] INFO  o.e.m.c.i.embedder.EclipseLogger - Copying 2 resources
2018-03-05 21:12:50,309 [Worker-26] INFO  o.e.m.c.i.embedder.EclipseLogger - Copying 1 resource
2018-03-05 21:12:50,311 [Worker-26] INFO  o.e.m.c.i.embedder.EclipseLogger - Using 'UTF-8' encoding to copy filtered resources.
2018-03-05 21:12:50,313 [Worker-26] INFO  o.e.m.c.i.embedder.EclipseLogger - Copying 0 resource
2018-03-05 21:13:40,258 [Worker-30] INFO  o.e.m.c.i.embedder.EclipseLogger - Using 'UTF-8' encoding to copy filtered resources.
2018-03-05 21:13:40,338 [Worker-30] INFO  o.e.m.c.i.embedder.EclipseLogger - Copying 2 resources
2018-03-05 21:13:40,339 [Worker-30] INFO  o.e.m.c.i.embedder.EclipseLogger - Copying 1 resource
2018-03-05 21:13:40,342 [Worker-30] INFO  o.e.m.c.i.embedder.EclipseLogger - Using 'UTF-8' encoding to copy filtered resources.
2018-03-05 21:13:40,344 [Worker-30] INFO  o.e.m.c.i.embedder.EclipseLogger - Copying 0 resource
2018-03-05 21:16:25,419 [Worker-28] INFO  o.e.m.c.i.embedder.EclipseLogger - Using 'UTF-8' encoding to copy filtered resources.
2018-03-05 21:16:25,420 [Worker-28] INFO  o.e.m.c.i.embedder.EclipseLogger - Copying 2 resources
2018-03-05 21:16:25,421 [Worker-28] INFO  o.e.m.c.i.embedder.EclipseLogger - Copying 1 resource
2018-03-05 21:16:25,422 [Worker-28] INFO  o.e.m.c.i.embedder.EclipseLogger - Using 'UTF-8' encoding to copy filtered resources.
2018-03-05 21:16:25,423 [Worker-28] INFO  o.e.m.c.i.embedder.EclipseLogger - Copying 0 resource
2018-03-05 21:18:26,951 [Worker-26] INFO  o.e.m.c.i.embedder.EclipseLogger - Using 'UTF-8' encoding to copy filtered resources.
2018-03-05 21:18:26,952 [Worker-26] INFO  o.e.m.c.i.embedder.EclipseLogger - Copying 2 resources
2018-03-05 21:18:26,953 [Worker-26] INFO  o.e.m.c.i.embedder.EclipseLogger - Copying 1 resource
2018-03-05 21:18:26,955 [Worker-26] INFO  o.e.m.c.i.embedder.EclipseLogger - Using 'UTF-8' encoding to copy filtered resources.
2018-03-05 21:18:26,955 [Worker-26] INFO  o.e.m.c.i.embedder.EclipseLogger - Copying 0 resource
2018-03-05 21:19:39,830 [Worker-26] INFO  o.e.m.c.i.embedder.EclipseLogger - Using 'UTF-8' encoding to copy filtered resources.
2018-03-05 21:19:39,831 [Worker-26] INFO  o.e.m.c.i.embedder.EclipseLogger - Copying 2 resources
2018-03-05 21:19:39,835 [Worker-26] INFO  o.e.m.c.i.embedder.EclipseLogger - Copying 1 resource
2018-03-05 21:19:39,838 [Worker-26] INFO  o.e.m.c.i.embedder.EclipseLogger - Using 'UTF-8' encoding to copy filtered resources.
2018-03-05 21:19:39,839 [Worker-26] INFO  o.e.m.c.i.embedder.EclipseLogger - Copying 0 resource
2018-03-05 21:22:20,518 [Worker-31] INFO  o.e.m.c.i.embedder.EclipseLogger - Using 'UTF-8' encoding to copy filtered resources.
2018-03-05 21:22:20,518 [Worker-31] INFO  o.e.m.c.i.embedder.EclipseLogger - Copying 2 resources
2018-03-05 21:22:20,519 [Worker-31] INFO  o.e.m.c.i.embedder.EclipseLogger - Copying 1 resource
2018-03-05 21:22:20,521 [Worker-31] INFO  o.e.m.c.i.embedder.EclipseLogger - Using 'UTF-8' encoding to copy filtered resources.
2018-03-05 21:22:20,522 [Worker-31] INFO  o.e.m.c.i.embedder.EclipseLogger - Copying 0 resource
2018-03-05 21:23:18,017 [Worker-33] INFO  o.e.m.c.i.embedder.EclipseLogger - Using 'UTF-8' encoding to copy filtered resources.
2018-03-05 21:23:18,018 [Worker-33] INFO  o.e.m.c.i.embedder.EclipseLogger - Copying 2 resources
2018-03-05 21:23:18,022 [Worker-33] INFO  o.e.m.c.i.embedder.EclipseLogger - Copying 1 resource
2018-03-05 21:23:18,027 [Worker-33] INFO  o.e.m.c.i.embedder.EclipseLogger - Using 'UTF-8' encoding to copy filtered resources.
2018-03-05 21:23:18,028 [Worker-33] INFO  o.e.m.c.i.embedder.EclipseLogger - Copying 0 resource
2018-03-05 21:26:04,834 [Worker-33] INFO  o.e.m.c.i.embedder.EclipseLogger - Using 'UTF-8' encoding to copy filtered resources.
2018-03-05 21:26:04,834 [Worker-33] INFO  o.e.m.c.i.embedder.EclipseLogger - Copying 2 resources
2018-03-05 21:26:04,835 [Worker-33] INFO  o.e.m.c.i.embedder.EclipseLogger - Copying 1 resource
2018-03-05 21:26:04,837 [Worker-33] INFO  o.e.m.c.i.embedder.EclipseLogger - Using 'UTF-8' encoding to copy filtered resources.
2018-03-05 21:26:04,837 [Worker-33] INFO  o.e.m.c.i.embedder.EclipseLogger - Copying 0 resource
2018-03-05 21:27:20,691 [Worker-31] INFO  o.e.m.c.i.p.ProjectConfigurationManager - Update started
2018-03-05 21:27:24,402 [Worker-31] INFO  o.e.m.c.i.l.LifecycleMappingFactory - Using org.eclipse.m2e.jdt.JarLifecycleMapping lifecycle mapping for MavenProject: com.mainclass:test-consumer:0.0.1-SNAPSHOT @ /home/charlis/Desktop/Microservices/docker/test-consumer/pom.xml.
2018-03-05 21:27:28,864 [Worker-31] INFO  o.e.m.c.i.l.LifecycleMappingFactory - Using org.eclipse.m2e.jdt.JarLifecycleMapping lifecycle mapping for MavenProject: com.mainclass:zuul-gateway:0.0.1-SNAPSHOT @ /home/charlis/Desktop/Microservices/docker/zuul-gateway/pom.xml.
2018-03-05 21:27:30,647 [Worker-31] INFO  o.e.m.j.i.AbstractJavaProjectConfigurator - Adding source folder /test-consumer/src/main/java
2018-03-05 21:27:30,647 [Worker-31] INFO  o.e.m.j.i.AbstractJavaProjectConfigurator - Adding resource folder /test-consumer/src/main/resources
2018-03-05 21:27:30,648 [Worker-31] INFO  o.e.m.j.i.AbstractJavaProjectConfigurator - Adding resource folder /test-consumer/src/main/resources
2018-03-05 21:27:30,648 [Worker-31] INFO  o.e.m.j.i.AbstractJavaProjectConfigurator - Adding source folder /test-consumer/src/test/java
2018-03-05 21:27:30,648 [Worker-31] INFO  o.e.m.j.i.AbstractJavaProjectConfigurator - Adding resource folder /test-consumer/src/test/resources
2018-03-05 21:27:30,912 [Worker-31] INFO  o.e.m.c.i.p.ProjectConfigurationManager - Update completed: 10 sec
2018-03-05 21:27:31,866 [Worker-26] INFO  o.e.m.c.i.embedder.EclipseLogger - Using 'UTF-8' encoding to copy filtered resources.
2018-03-05 21:27:31,872 [Worker-26] INFO  o.e.m.c.i.embedder.EclipseLogger - Copying 2 resources
2018-03-05 21:27:31,922 [Worker-26] INFO  o.e.m.c.i.embedder.EclipseLogger - Copying 1 resource
2018-03-05 21:27:31,945 [Worker-26] INFO  o.e.m.c.i.embedder.EclipseLogger - Using 'UTF-8' encoding to copy filtered resources.
2018-03-05 21:27:31,946 [Worker-26] INFO  o.e.m.c.i.embedder.EclipseLogger - Copying 0 resource
2018-03-05 21:27:33,769 [Worker-26] INFO  o.e.m.c.i.embedder.EclipseLogger - Using 'UTF-8' encoding to copy filtered resources.
2018-03-05 21:27:33,770 [Worker-26] INFO  o.e.m.c.i.embedder.EclipseLogger - Copying 0 resource
2018-03-05 21:27:33,770 [Worker-26] INFO  o.e.m.c.i.embedder.EclipseLogger - Copying 0 resource
2018-03-05 21:27:33,772 [Worker-26] INFO  o.e.m.c.i.embedder.EclipseLogger - Using 'UTF-8' encoding to copy filtered resources.
2018-03-05 21:27:33,773 [Worker-26] INFO  o.e.m.c.i.embedder.EclipseLogger - Copying 0 resource
2018-03-05 21:38:49,796 [Worker-40] INFO  o.e.m.c.i.embedder.EclipseLogger - Using 'UTF-8' encoding to copy filtered resources.
2018-03-05 21:38:49,844 [Worker-40] INFO  o.e.m.c.i.embedder.EclipseLogger - Copying 1 resource
2018-03-05 21:38:49,885 [Worker-40] INFO  o.e.m.c.i.embedder.EclipseLogger - Copying 0 resource
2018-03-05 21:38:49,888 [Worker-40] INFO  o.e.m.c.i.embedder.EclipseLogger - Using 'UTF-8' encoding to copy filtered resources.
2018-03-05 21:38:49,889 [Worker-40] INFO  o.e.m.c.i.embedder.EclipseLogger - Copying 0 resource
2018-03-05 21:41:40,965 [Worker-43] INFO  o.e.m.c.i.embedder.EclipseLogger - Using 'UTF-8' encoding to copy filtered resources.
2018-03-05 21:41:40,966 [Worker-43] INFO  o.e.m.c.i.embedder.EclipseLogger - Copying 2 resources
2018-03-05 21:41:41,021 [Worker-43] INFO  o.e.m.c.i.embedder.EclipseLogger - Copying 1 resource
2018-03-05 21:41:41,024 [Worker-43] INFO  o.e.m.c.i.embedder.EclipseLogger - Using 'UTF-8' encoding to copy filtered resources.
2018-03-05 21:41:41,024 [Worker-43] INFO  o.e.m.c.i.embedder.EclipseLogger - Copying 0 resource
2018-03-05 21:42:36,338 [Worker-35] INFO  o.e.m.c.i.embedder.EclipseLogger - Using 'UTF-8' encoding to copy filtered resources.
2018-03-05 21:42:36,338 [Worker-35] INFO  o.e.m.c.i.embedder.EclipseLogger - Copying 2 resources
2018-03-05 21:42:36,339 [Worker-35] INFO  o.e.m.c.i.embedder.EclipseLogger - Copying 1 resource
2018-03-05 21:42:36,341 [Worker-35] INFO  o.e.m.c.i.embedder.EclipseLogger - Using 'UTF-8' encoding to copy filtered resources.
2018-03-05 21:42:36,341 [Worker-35] INFO  o.e.m.c.i.embedder.EclipseLogger - Copying 0 resource
2018-03-05 21:43:49,044 [Worker-43] INFO  o.e.m.c.i.embedder.EclipseLogger - Using 'UTF-8' encoding to copy filtered resources.
2018-03-05 21:43:49,044 [Worker-43] INFO  o.e.m.c.i.embedder.EclipseLogger - Copying 1 resource
2018-03-05 21:43:49,045 [Worker-43] INFO  o.e.m.c.i.embedder.EclipseLogger - Copying 0 resource
2018-03-05 21:43:49,048 [Worker-43] INFO  o.e.m.c.i.embedder.EclipseLogger - Using 'UTF-8' encoding to copy filtered resources.
2018-03-05 21:43:49,048 [Worker-43] INFO  o.e.m.c.i.embedder.EclipseLogger - Copying 0 resource
2018-03-05 21:46:41,459 [Worker-42] INFO  o.e.m.c.i.embedder.EclipseLogger - Using 'UTF-8' encoding to copy filtered resources.
2018-03-05 21:46:41,460 [Worker-42] INFO  o.e.m.c.i.embedder.EclipseLogger - Copying 1 resource
2018-03-05 21:46:41,460 [Worker-42] INFO  o.e.m.c.i.embedder.EclipseLogger - Copying 0 resource
2018-03-05 21:46:41,462 [Worker-42] INFO  o.e.m.c.i.embedder.EclipseLogger - Using 'UTF-8' encoding to copy filtered resources.
2018-03-05 21:46:41,462 [Worker-42] INFO  o.e.m.c.i.embedder.EclipseLogger - Copying 0 resource
2018-03-05 21:47:56,892 [Worker-44] INFO  o.e.m.c.i.embedder.EclipseLogger - Using 'UTF-8' encoding to copy filtered resources.
2018-03-05 21:47:56,893 [Worker-44] INFO  o.e.m.c.i.embedder.EclipseLogger - Copying 1 resource
2018-03-05 21:47:56,894 [Worker-44] INFO  o.e.m.c.i.embedder.EclipseLogger - Copying 1 resource
2018-03-05 21:47:56,899 [Worker-44] INFO  o.e.m.c.i.embedder.EclipseLogger - Using 'UTF-8' encoding to copy filtered resources.
2018-03-05 21:47:56,899 [Worker-44] INFO  o.e.m.c.i.embedder.EclipseLogger - Copying 0 resource
2018-03-05 21:48:21,134 [Worker-44] INFO  o.e.m.c.i.p.ProjectConfigurationManager - Update started
2018-03-05 21:48:24,040 [Worker-44] INFO  o.e.m.c.i.l.LifecycleMappingFactory - Using org.eclipse.m2e.jdt.JarLifecycleMapping lifecycle mapping for MavenProject: com.mainclass:test-producer:0.0.1-SNAPSHOT @ /home/charlis/Desktop/Microservices/docker/test-producer/pom.xml.
2018-03-05 21:48:27,513 [Worker-44] INFO  o.e.m.c.i.l.LifecycleMappingFactory - Using org.eclipse.m2e.jdt.JarLifecycleMapping lifecycle mapping for MavenProject: com.mainclass:zuul-gateway:0.0.1-SNAPSHOT @ /home/charlis/Desktop/Microservices/docker/zuul-gateway/pom.xml.
2018-03-05 21:48:28,800 [Worker-44] INFO  o.e.m.c.i.l.LifecycleMappingFactory - Using org.eclipse.m2e.jdt.JarLifecycleMapping lifecycle mapping for MavenProject: com.mainclass:test-consumer:0.0.1-SNAPSHOT @ /home/charlis/Desktop/Microservices/docker/test-consumer/pom.xml.
2018-03-05 21:48:31,119 [Worker-44] INFO  o.e.m.j.i.AbstractJavaProjectConfigurator - Adding source folder /test-producer/src/main/java
2018-03-05 21:48:31,120 [Worker-44] INFO  o.e.m.j.i.AbstractJavaProjectConfigurator - Adding resource folder /test-producer/src/main/resources
2018-03-05 21:48:31,120 [Worker-44] INFO  o.e.m.j.i.AbstractJavaProjectConfigurator - Adding resource folder /test-producer/src/main/resources
2018-03-05 21:48:31,120 [Worker-44] INFO  o.e.m.j.i.AbstractJavaProjectConfigurator - Adding source folder /test-producer/src/test/java
2018-03-05 21:48:31,121 [Worker-44] INFO  o.e.m.j.i.AbstractJavaProjectConfigurator - Adding resource folder /test-producer/src/test/resources
2018-03-05 21:48:31,348 [Worker-44] INFO  o.e.m.c.i.p.ProjectConfigurationManager - Update completed: 10 sec
2018-03-05 21:48:31,905 [Worker-43] INFO  o.e.m.c.i.embedder.EclipseLogger - Using 'UTF-8' encoding to copy filtered resources.
2018-03-05 21:48:31,907 [Worker-43] INFO  o.e.m.c.i.embedder.EclipseLogger - Copying 0 resource
2018-03-05 21:48:31,907 [Worker-43] INFO  o.e.m.c.i.embedder.EclipseLogger - Copying 0 resource
2018-03-05 21:48:31,911 [Worker-43] INFO  o.e.m.c.i.embedder.EclipseLogger - Using 'UTF-8' encoding to copy filtered resources.
2018-03-05 21:48:31,911 [Worker-43] INFO  o.e.m.c.i.embedder.EclipseLogger - Copying 0 resource
2018-03-05 21:48:32,564 [Worker-43] INFO  o.e.m.c.i.embedder.EclipseLogger - Using 'UTF-8' encoding to copy filtered resources.
2018-03-05 21:48:32,565 [Worker-43] INFO  o.e.m.c.i.embedder.EclipseLogger - Copying 1 resource
2018-03-05 21:48:32,575 [Worker-43] INFO  o.e.m.c.i.embedder.EclipseLogger - Copying 1 resource
2018-03-05 21:48:32,577 [Worker-43] INFO  o.e.m.c.i.embedder.EclipseLogger - Using 'UTF-8' encoding to copy filtered resources.
2018-03-05 21:48:32,578 [Worker-43] INFO  o.e.m.c.i.embedder.EclipseLogger - Copying 0 resource
2018-03-05 21:48:32,900 [Worker-43] INFO  o.e.m.c.i.embedder.EclipseLogger - Using 'UTF-8' encoding to copy filtered resources.
2018-03-05 21:48:32,901 [Worker-43] INFO  o.e.m.c.i.embedder.EclipseLogger - Copying 0 resource
2018-03-05 21:48:32,901 [Worker-43] INFO  o.e.m.c.i.embedder.EclipseLogger - Copying 0 resource
2018-03-05 21:48:32,902 [Worker-43] INFO  o.e.m.c.i.embedder.EclipseLogger - Using 'UTF-8' encoding to copy filtered resources.
2018-03-05 21:48:32,903 [Worker-43] INFO  o.e.m.c.i.embedder.EclipseLogger - Copying 0 resource
2018-03-05 21:53:11,172 [Worker-45] INFO  o.e.m.c.i.l.LifecycleMappingFactory - Using org.eclipse.m2e.jdt.JarLifecycleMapping lifecycle mapping for MavenProject: com.mainclass:test-producer:0.0.1-SNAPSHOT @ /home/charlis/Desktop/Microservices/docker/test-producer/pom.xml.
2018-03-05 21:53:11,980 [Worker-45] INFO  o.e.m.c.i.embedder.EclipseLogger - Using 'UTF-8' encoding to copy filtered resources.
2018-03-05 21:53:11,980 [Worker-45] INFO  o.e.m.c.i.embedder.EclipseLogger - Copying 0 resource
2018-03-05 21:53:11,980 [Worker-45] INFO  o.e.m.c.i.embedder.EclipseLogger - Copying 0 resource
2018-03-05 21:53:11,982 [Worker-45] INFO  o.e.m.c.i.embedder.EclipseLogger - Using 'UTF-8' encoding to copy filtered resources.
2018-03-05 21:53:11,982 [Worker-45] INFO  o.e.m.c.i.embedder.EclipseLogger - Copying 0 resource
2018-03-05 21:53:35,361 [Worker-45] INFO  o.e.m.c.i.l.LifecycleMappingFactory - Using org.eclipse.m2e.jdt.JarLifecycleMapping lifecycle mapping for MavenProject: com.mainclass:zuul-gateway:0.0.1-SNAPSHOT @ /home/charlis/Desktop/Microservices/docker/zuul-gateway/pom.xml.
2018-03-05 21:53:35,974 [Worker-45] INFO  o.e.m.c.i.embedder.EclipseLogger - Using 'UTF-8' encoding to copy filtered resources.
2018-03-05 21:53:35,974 [Worker-45] INFO  o.e.m.c.i.embedder.EclipseLogger - Copying 0 resource
2018-03-05 21:53:35,974 [Worker-45] INFO  o.e.m.c.i.embedder.EclipseLogger - Copying 0 resource
2018-03-05 21:53:35,976 [Worker-45] INFO  o.e.m.c.i.embedder.EclipseLogger - Using 'UTF-8' encoding to copy filtered resources.
2018-03-05 21:53:35,976 [Worker-45] INFO  o.e.m.c.i.embedder.EclipseLogger - Copying 0 resource
2018-03-05 21:53:37,653 [Worker-45] INFO  o.e.m.c.i.embedder.EclipseLogger - Using 'UTF-8' encoding to copy filtered resources.
2018-03-05 21:53:37,654 [Worker-45] INFO  o.e.m.c.i.embedder.EclipseLogger - Copying 1 resource
2018-03-05 21:53:37,654 [Worker-45] INFO  o.e.m.c.i.embedder.EclipseLogger - Copying 1 resource
2018-03-05 21:53:37,657 [Worker-45] INFO  o.e.m.c.i.embedder.EclipseLogger - Using 'UTF-8' encoding to copy filtered resources.
2018-03-05 21:53:37,657 [Worker-45] INFO  o.e.m.c.i.embedder.EclipseLogger - Copying 0 resource
2018-03-05 22:35:32,719 [Worker-3] INFO  c.g.t.t.d.PublishedGradleVersions - Gradle version information cache is out-of-date. Trying to update.
2018-03-05 22:37:08,097 [Worker-19] INFO  o.e.m.c.i.embedder.EclipseLogger - Using 'UTF-8' encoding to copy filtered resources.
2018-03-05 22:37:08,104 [Worker-19] INFO  o.e.m.c.i.embedder.EclipseLogger - Copying 1 resource
2018-03-05 22:37:08,142 [Worker-19] INFO  o.e.m.c.i.embedder.EclipseLogger - Copying 0 resource
2018-03-05 22:37:08,146 [Worker-19] INFO  o.e.m.c.i.embedder.EclipseLogger - Using 'UTF-8' encoding to copy filtered resources.
2018-03-05 22:37:08,147 [Worker-19] INFO  o.e.m.c.i.embedder.EclipseLogger - Copying 0 resource
2018-03-05 22:37:10,500 [Worker-19] INFO  o.e.m.c.i.embedder.EclipseLogger - Using 'UTF-8' encoding to copy filtered resources.
2018-03-05 22:37:10,501 [Worker-19] INFO  o.e.m.c.i.embedder.EclipseLogger - Copying 2 resources
2018-03-05 22:37:10,519 [Worker-19] INFO  o.e.m.c.i.embedder.EclipseLogger - Copying 1 resource
2018-03-05 22:37:10,523 [Worker-19] INFO  o.e.m.c.i.embedder.EclipseLogger - Using 'UTF-8' encoding to copy filtered resources.
2018-03-05 22:37:10,523 [Worker-19] INFO  o.e.m.c.i.embedder.EclipseLogger - Copying 0 resource
2018-03-05 22:37:12,753 [Worker-19] INFO  o.e.m.c.i.embedder.EclipseLogger - Using 'UTF-8' encoding to copy filtered resources.
2018-03-05 22:37:12,753 [Worker-19] INFO  o.e.m.c.i.embedder.EclipseLogger - Copying 1 resource
2018-03-05 22:37:12,774 [Worker-19] INFO  o.e.m.c.i.embedder.EclipseLogger - Copying 1 resource
2018-03-05 22:37:12,776 [Worker-19] INFO  o.e.m.c.i.embedder.EclipseLogger - Using 'UTF-8' encoding to copy filtered resources.
2018-03-05 22:37:12,777 [Worker-19] INFO  o.e.m.c.i.embedder.EclipseLogger - Copying 0 resource
2018-03-05 22:37:13,669 [Worker-19] INFO  o.e.m.c.i.embedder.EclipseLogger - Using 'UTF-8' encoding to copy filtered resources.
2018-03-05 22:37:13,669 [Worker-19] INFO  o.e.m.c.i.embedder.EclipseLogger - Copying 1 resource
2018-03-05 22:37:13,704 [Worker-19] INFO  o.e.m.c.i.embedder.EclipseLogger - Copying 1 resource
2018-03-05 22:37:13,707 [Worker-19] INFO  o.e.m.c.i.embedder.EclipseLogger - Using 'UTF-8' encoding to copy filtered resources.
2018-03-05 22:37:13,708 [Worker-19] INFO  o.e.m.c.i.embedder.EclipseLogger - Copying 0 resource
2018-03-05 22:37:55,388 [Worker-22] INFO  o.e.m.c.i.embedder.EclipseLogger - Using 'UTF-8' encoding to copy filtered resources.
2018-03-05 22:37:55,403 [Worker-22] INFO  o.e.m.c.i.embedder.EclipseLogger - Copying 1 resource
2018-03-05 22:37:55,404 [Worker-22] INFO  o.e.m.c.i.embedder.EclipseLogger - Copying 0 resource
2018-03-05 22:37:55,414 [Worker-22] INFO  o.e.m.c.i.embedder.EclipseLogger - Using 'UTF-8' encoding to copy filtered resources.
2018-03-05 22:37:55,414 [Worker-22] INFO  o.e.m.c.i.embedder.EclipseLogger - Copying 0 resource
2018-03-05 22:41:08,817 [Worker-11] INFO  o.e.m.c.i.embedder.EclipseLogger - Using 'UTF-8' encoding to copy filtered resources.
2018-03-05 22:41:08,817 [Worker-11] INFO  o.e.m.c.i.embedder.EclipseLogger - Copying 1 resource
2018-03-05 22:41:08,818 [Worker-11] INFO  o.e.m.c.i.embedder.EclipseLogger - Copying 0 resource
2018-03-05 22:41:08,822 [Worker-11] INFO  o.e.m.c.i.embedder.EclipseLogger - Using 'UTF-8' encoding to copy filtered resources.
2018-03-05 22:41:08,822 [Worker-11] INFO  o.e.m.c.i.embedder.EclipseLogger - Copying 0 resource
2018-03-05 22:47:11,919 [Worker-30] INFO  o.e.m.c.i.embedder.EclipseLogger - Using 'UTF-8' encoding to copy filtered resources.
2018-03-05 22:47:11,919 [Worker-30] INFO  o.e.m.c.i.embedder.EclipseLogger - Copying 1 resource
2018-03-05 22:47:11,920 [Worker-30] INFO  o.e.m.c.i.embedder.EclipseLogger - Copying 0 resource
2018-03-05 22:47:11,923 [Worker-30] INFO  o.e.m.c.i.embedder.EclipseLogger - Using 'UTF-8' encoding to copy filtered resources.
2018-03-05 22:47:11,923 [Worker-30] INFO  o.e.m.c.i.embedder.EclipseLogger - Copying 0 resource
